IRFinder version: 1.3.0
IRFinder start:  Thu Feb 3 20:46:00 GMT 2022
IRFinder runmode: BAM
IRFinder user@host: mzanovel @ burns-609-70.local
IRFinder working dir:  /SAN/vyplab/first_weeks/TDP_CHX_CLONES_GLIA/rna_seq_snakemake
IRFinder reference: /SAN/vyplab/alb_projects/tools/IRFinder/REF/human_gencode_v34/irfinder/
IRFinder file 1: /SAN/vyplab/first_weeks/TDP_CHX_CLONES_GLIA/IRFinder/dox-conc_DOX_0.021_3_namesorted.bam
IRFinder file 2: 
---
IRFinder run with options:
Output Dir	/SAN/vyplab/first_weeks/TDP_CHX_CLONES_GLIA/IRFinder/dox-conc_DOX_0.021_3
Main intron reference:	/SAN/vyplab/alb_projects/tools/IRFinder/REF/human_gencode_v34/irfinder//IRFinder/ref-cover.bed
Read spans reference:	/SAN/vyplab/alb_projects/tools/IRFinder/REF/human_gencode_v34/irfinder//IRFinder/ref-read-continues.ref
Optional ROI reference:	/SAN/vyplab/alb_projects/tools/IRFinder/REF/human_gencode_v34/irfinder//IRFinder/ref-ROI.bed
Optional BAM output:	NULL
Total reads processed: 118590248
Total nucleotides: 6040927048
Total singles processed: 0
Total pairs processed: 44991841
Short pairs: 12150808
Intersect pairs: 25628378
Long pairs: 7212655
Skipped reads: 28606224
Error reads: 342
Directionality: Dir evidence:	127868
Directionality: Nondir evidence:	304
Directionality: Dir evidence known junctions:	121147
Directionality: Nondir evidence known junctions:	217
Directionality: Dir matches ref:	121145
Directionality: Dir opposed to ref:	2
Directionality: Dir score all (0-10000):	9976
Directionality: Dir score known junctions (0-10000):	9982
RNA-Seq directionality -1/0/+1:	1
