IRFinder version: 1.3.0
IRFinder start:  Thu Feb 3 20:42:43 GMT 2022
IRFinder runmode: BAM
IRFinder user@host: mzanovel @ saunders-608-24.local
IRFinder working dir:  /SAN/vyplab/first_weeks/TDP_CHX_CLONES_GLIA/rna_seq_snakemake
IRFinder reference: /SAN/vyplab/alb_projects/tools/IRFinder/REF/human_gencode_v34/irfinder/
IRFinder file 1: /SAN/vyplab/first_weeks/TDP_CHX_CLONES_GLIA/IRFinder/dox-conc_DOX_0.025_2_namesorted.bam
IRFinder file 2: 
---
IRFinder run with options:
Output Dir	/SAN/vyplab/first_weeks/TDP_CHX_CLONES_GLIA/IRFinder/dox-conc_DOX_0.025_2
Main intron reference:	/SAN/vyplab/alb_projects/tools/IRFinder/REF/human_gencode_v34/irfinder//IRFinder/ref-cover.bed
Read spans reference:	/SAN/vyplab/alb_projects/tools/IRFinder/REF/human_gencode_v34/irfinder//IRFinder/ref-read-continues.ref
Optional ROI reference:	/SAN/vyplab/alb_projects/tools/IRFinder/REF/human_gencode_v34/irfinder//IRFinder/ref-ROI.bed
Optional BAM output:	NULL
Total reads processed: 125835517
Total nucleotides: 6596779819
Total singles processed: 0
Total pairs processed: 51118451
Short pairs: 15964182
Intersect pairs: 28141848
Long pairs: 7012421
Skipped reads: 23598182
Error reads: 433
Directionality: Dir evidence:	130408
Directionality: Nondir evidence:	440
Directionality: Dir evidence known junctions:	122936
Directionality: Nondir evidence known junctions:	302
Directionality: Dir matches ref:	122935
Directionality: Dir opposed to ref:	1
Directionality: Dir score all (0-10000):	9966
Directionality: Dir score known junctions (0-10000):	9975
RNA-Seq directionality -1/0/+1:	1
