[2022-06-23 23:49:30.064] [jointLog] [info] setting maxHashResizeThreads to 4
[2022-06-23 23:49:30.064] [jointLog] [info] Fragment incompatibility prior below threshold.  Incompatible fragments will be ignored.
[2022-06-23 23:49:30.064] [jointLog] [info] Usage of --validateMappings implies use of minScoreFraction. Since not explicitly specified, it is being set to 0.65
[2022-06-23 23:49:30.064] [jointLog] [info] Setting consensusSlack to selective-alignment default of 0.35.
[2022-06-23 23:49:30.064] [jointLog] [info] parsing read library format
[2022-06-23 23:49:30.064] [jointLog] [info] There is 1 library.
[2022-06-23 23:49:30.065] [jointLog] [info] Loading pufferfish index
[2022-06-23 23:49:30.065] [jointLog] [info] Loading dense pufferfish index.
[2022-06-23 23:51:45.359] [jointLog] [info] done
[2022-06-23 23:51:45.499] [jointLog] [info] Index contained 245,455 targets
[2022-06-23 23:51:50.367] [jointLog] [info] Number of decoys : 194
[2022-06-23 23:51:50.367] [jointLog] [info] First decoy index : 245,220 
[2022-06-23 23:51:52.208] [jointLog] [info] Automatically detected most likely library type as ISF

[2022-06-24 00:11:29.741] [jointLog] [info] Thread saw mini-batch with a maximum of 3.38% zero probability fragments
[2022-06-24 00:11:29.745] [jointLog] [info] Thread saw mini-batch with a maximum of 3.56% zero probability fragments
[2022-06-24 00:11:29.806] [jointLog] [info] Thread saw mini-batch with a maximum of 3.36% zero probability fragments
[2022-06-24 00:11:29.874] [jointLog] [info] Thread saw mini-batch with a maximum of 3.58% zero probability fragments
[2022-06-24 00:11:30.523] [jointLog] [info] Computed 519,700 rich equivalence classes for further processing
[2022-06-24 00:11:30.523] [jointLog] [info] Counted 42,919,072 total reads in the equivalence classes 
[2022-06-24 00:11:30.530] [jointLog] [warning] 0.00106782% of fragments were shorter than the k used to build the index.
If this fraction is too large, consider re-building the index with a smaller k.
The minimum read size found was 15.


[2022-06-24 00:11:30.530] [jointLog] [info] Number of mappings discarded because of alignment score : 28,641,162
[2022-06-24 00:11:30.530] [jointLog] [info] Number of fragments entirely discarded because of alignment score : 1,982,612
[2022-06-24 00:11:30.530] [jointLog] [info] Number of fragments discarded because they are best-mapped to decoys : 1,346,573
[2022-06-24 00:11:30.530] [jointLog] [info] Number of fragments discarded because they have only dovetail (discordant) mappings to valid targets : 242,511
[2022-06-24 00:11:30.530] [jointLog] [info] Mapping rate = 87.4617%

[2022-06-24 00:11:30.530] [jointLog] [info] finished quantifyLibrary()
[2022-06-24 00:11:30.531] [jointLog] [info] Starting optimizer
[2022-06-24 00:11:30.874] [jointLog] [info] Marked 0 weighted equivalence classes as degenerate
[2022-06-24 00:11:30.925] [jointLog] [info] iteration = 0 | max rel diff. = 2469.56
[2022-06-24 00:11:30.524] [fileLog] [info] 
At end of round 0
==================
Observed 49071838 total fragments (49071838 in most recent round)

[2022-06-24 00:11:31.409] [jointLog] [info] iteration 11, adjusting effective lengths to account for biases
[2022-06-24 00:15:38.155] [jointLog] [info] Computed expected counts (for bias correction)
[2022-06-24 00:15:38.156] [jointLog] [info] processed bias for 0.0% of the transcripts
[2022-06-24 00:16:00.837] [jointLog] [info] processed bias for 10.0% of the transcripts
[2022-06-24 00:16:22.322] [jointLog] [info] processed bias for 20.0% of the transcripts
[2022-06-24 00:16:43.116] [jointLog] [info] processed bias for 30.0% of the transcripts
[2022-06-24 00:17:03.946] [jointLog] [info] processed bias for 40.0% of the transcripts
[2022-06-24 00:17:25.234] [jointLog] [info] processed bias for 50.0% of the transcripts
[2022-06-24 00:17:47.742] [jointLog] [info] processed bias for 60.0% of the transcripts
[2022-06-24 00:18:06.637] [jointLog] [info] processed bias for 70.0% of the transcripts
[2022-06-24 00:18:26.427] [jointLog] [info] processed bias for 80.0% of the transcripts
[2022-06-24 00:18:47.397] [jointLog] [info] processed bias for 90.0% of the transcripts
[2022-06-24 00:19:06.422] [jointLog] [info] processed bias for 100.0% of the transcripts
[2022-06-24 00:19:11.160] [jointLog] [info] iteration = 100 | max rel diff. = 20.142
[2022-06-24 00:19:16.052] [jointLog] [info] iteration = 200 | max rel diff. = 11.6043
[2022-06-24 00:19:20.830] [jointLog] [info] iteration = 300 | max rel diff. = 6.10768
[2022-06-24 00:19:25.799] [jointLog] [info] iteration = 400 | max rel diff. = 4.72609
[2022-06-24 00:19:30.427] [jointLog] [info] iteration = 500 | max rel diff. = 0.580395
[2022-06-24 00:19:35.080] [jointLog] [info] iteration = 600 | max rel diff. = 11.8217
[2022-06-24 00:19:39.640] [jointLog] [info] iteration = 700 | max rel diff. = 1.07747
[2022-06-24 00:19:44.739] [jointLog] [info] iteration = 800 | max rel diff. = 0.850205
[2022-06-24 00:19:49.200] [jointLog] [info] iteration = 900 | max rel diff. = 0.495715
[2022-06-24 00:19:54.093] [jointLog] [info] iteration = 1,000 | max rel diff. = 0.211565
[2022-06-24 00:19:59.075] [jointLog] [info] iteration = 1,100 | max rel diff. = 0.0940113
[2022-06-24 00:20:03.943] [jointLog] [info] iteration = 1,200 | max rel diff. = 15.03
[2022-06-24 00:20:08.622] [jointLog] [info] iteration = 1,300 | max rel diff. = 0.0573307
[2022-06-24 00:20:13.470] [jointLog] [info] iteration = 1,400 | max rel diff. = 0.215258
[2022-06-24 00:20:18.164] [jointLog] [info] iteration = 1,500 | max rel diff. = 0.28715
[2022-06-24 00:20:22.800] [jointLog] [info] iteration = 1,600 | max rel diff. = 0.0778287
[2022-06-24 00:20:27.574] [jointLog] [info] iteration = 1,700 | max rel diff. = 0.0527002
[2022-06-24 00:20:32.305] [jointLog] [info] iteration = 1,800 | max rel diff. = 0.146642
[2022-06-24 00:20:35.159] [jointLog] [info] iteration = 1,858 | max rel diff. = 0.00619624
[2022-06-24 00:20:35.213] [jointLog] [info] Finished optimizer
[2022-06-24 00:20:35.213] [jointLog] [info] writing output 

