[2022-11-26 17:19:42.326] [jointLog] [info] setting maxHashResizeThreads to 4
[2022-11-26 17:19:42.326] [jointLog] [info] Fragment incompatibility prior below threshold.  Incompatible fragments will be ignored.
[2022-11-26 17:19:42.326] [jointLog] [info] Usage of --validateMappings implies use of minScoreFraction. Since not explicitly specified, it is being set to 0.65
[2022-11-26 17:19:42.326] [jointLog] [info] Setting consensusSlack to selective-alignment default of 0.35.
[2022-11-26 17:19:42.326] [jointLog] [info] parsing read library format
[2022-11-26 17:19:42.326] [jointLog] [info] There is 1 library.
[2022-11-26 17:19:42.459] [jointLog] [info] Loading pufferfish index
[2022-11-26 17:19:42.467] [jointLog] [info] Loading dense pufferfish index.
[2022-11-26 17:20:33.381] [jointLog] [info] done
[2022-11-26 17:20:33.381] [jointLog] [info] Index contained 245,455 targets
[2022-11-26 17:20:38.509] [jointLog] [info] Number of decoys : 194
[2022-11-26 17:20:38.509] [jointLog] [info] First decoy index : 245,220 
[2022-11-26 17:20:40.197] [jointLog] [info] Automatically detected most likely library type as ISF

[2022-11-26 18:00:35.617] [jointLog] [info] Thread saw mini-batch with a maximum of 1.44% zero probability fragments
[2022-11-26 18:00:35.745] [jointLog] [info] Thread saw mini-batch with a maximum of 1.34% zero probability fragments
[2022-11-26 18:00:35.812] [jointLog] [info] Thread saw mini-batch with a maximum of 1.36% zero probability fragments
[2022-11-26 18:00:35.814] [jointLog] [info] Thread saw mini-batch with a maximum of 1.34% zero probability fragments
[2022-11-26 18:00:36.821] [jointLog] [info] Computed 569,028 rich equivalence classes for further processing
[2022-11-26 18:00:36.821] [jointLog] [info] Counted 66,273,362 total reads in the equivalence classes 
[2022-11-26 18:00:36.827] [jointLog] [warning] 0.00780689% of fragments were shorter than the k used to build the index.
If this fraction is too large, consider re-building the index with a smaller k.
The minimum read size found was 15.


[2022-11-26 18:00:36.827] [jointLog] [info] Number of mappings discarded because of alignment score : 47,154,903
[2022-11-26 18:00:36.827] [jointLog] [info] Number of fragments entirely discarded because of alignment score : 3,511,080
[2022-11-26 18:00:36.827] [jointLog] [info] Number of fragments discarded because they are best-mapped to decoys : 1,554,271
[2022-11-26 18:00:36.827] [jointLog] [info] Number of fragments discarded because they have only dovetail (discordant) mappings to valid targets : 926,416
[2022-11-26 18:00:36.827] [jointLog] [info] Mapping rate = 88.4728%

[2022-11-26 18:00:36.827] [jointLog] [info] finished quantifyLibrary()
[2022-11-26 18:00:36.849] [jointLog] [info] Starting optimizer
[2022-11-26 18:00:36.821] [fileLog] [info] 
At end of round 0
==================
Observed 74908211 total fragments (74908211 in most recent round)

[2022-11-26 18:00:37.154] [jointLog] [info] Marked 0 weighted equivalence classes as degenerate
[2022-11-26 18:00:37.210] [jointLog] [info] iteration = 0 | max rel diff. = 32.9386
[2022-11-26 18:00:38.117] [jointLog] [info] iteration 11, adjusting effective lengths to account for biases
[2022-11-26 18:02:50.880] [jointLog] [info] Computed expected counts (for bias correction)
[2022-11-26 18:02:50.880] [jointLog] [info] processed bias for 0.0% of the transcripts
[2022-11-26 18:03:05.834] [jointLog] [info] processed bias for 10.0% of the transcripts
[2022-11-26 18:03:19.724] [jointLog] [info] processed bias for 20.0% of the transcripts
[2022-11-26 18:03:34.018] [jointLog] [info] processed bias for 30.0% of the transcripts
[2022-11-26 18:03:49.317] [jointLog] [info] processed bias for 40.0% of the transcripts
[2022-11-26 18:04:04.933] [jointLog] [info] processed bias for 50.0% of the transcripts
[2022-11-26 18:04:18.729] [jointLog] [info] processed bias for 60.0% of the transcripts
[2022-11-26 18:04:33.288] [jointLog] [info] processed bias for 70.0% of the transcripts
[2022-11-26 18:04:47.061] [jointLog] [info] processed bias for 80.0% of the transcripts
[2022-11-26 18:05:01.475] [jointLog] [info] processed bias for 90.0% of the transcripts
[2022-11-26 18:05:14.490] [jointLog] [info] processed bias for 100.0% of the transcripts
[2022-11-26 18:05:20.950] [jointLog] [info] iteration = 100 | max rel diff. = 20.9693
[2022-11-26 18:05:28.417] [jointLog] [info] iteration = 200 | max rel diff. = 12.6655
[2022-11-26 18:05:35.405] [jointLog] [info] iteration = 300 | max rel diff. = 1.70181
[2022-11-26 18:05:42.560] [jointLog] [info] iteration = 400 | max rel diff. = 1.0598
[2022-11-26 18:05:50.418] [jointLog] [info] iteration = 500 | max rel diff. = 1.3182
[2022-11-26 18:05:57.965] [jointLog] [info] iteration = 600 | max rel diff. = 8.52852
[2022-11-26 18:06:05.155] [jointLog] [info] iteration = 700 | max rel diff. = 7.74024
[2022-11-26 18:06:12.614] [jointLog] [info] iteration = 800 | max rel diff. = 7.88382
[2022-11-26 18:06:20.004] [jointLog] [info] iteration = 900 | max rel diff. = 0.123371
[2022-11-26 18:06:28.159] [jointLog] [info] iteration = 1,000 | max rel diff. = 0.21069
[2022-11-26 18:06:36.066] [jointLog] [info] iteration = 1,100 | max rel diff. = 0.0996126
[2022-11-26 18:06:44.060] [jointLog] [info] iteration = 1,200 | max rel diff. = 0.526889
[2022-11-26 18:06:51.549] [jointLog] [info] iteration = 1,300 | max rel diff. = 0.106345
[2022-11-26 18:06:58.697] [jointLog] [info] iteration = 1,400 | max rel diff. = 0.084351
[2022-11-26 18:07:06.608] [jointLog] [info] iteration = 1,500 | max rel diff. = 0.187415
[2022-11-26 18:07:14.532] [jointLog] [info] iteration = 1,600 | max rel diff. = 0.0825992
[2022-11-26 18:07:22.387] [jointLog] [info] iteration = 1,700 | max rel diff. = 0.0498425
[2022-11-26 18:07:29.966] [jointLog] [info] iteration = 1,800 | max rel diff. = 0.125867
[2022-11-26 18:07:37.949] [jointLog] [info] iteration = 1,900 | max rel diff. = 0.197899
[2022-11-26 18:07:44.841] [jointLog] [info] iteration = 2,000 | max rel diff. = 0.015272
[2022-11-26 18:07:52.164] [jointLog] [info] iteration = 2,100 | max rel diff. = 0.0406587
[2022-11-26 18:07:59.932] [jointLog] [info] iteration = 2,200 | max rel diff. = 0.0359009
[2022-11-26 18:08:07.625] [jointLog] [info] iteration = 2,300 | max rel diff. = 1.48034
[2022-11-26 18:08:14.723] [jointLog] [info] iteration = 2,400 | max rel diff. = 0.142707
[2022-11-26 18:08:22.129] [jointLog] [info] iteration = 2,500 | max rel diff. = 0.0531852
[2022-11-26 18:08:30.171] [jointLog] [info] iteration = 2,600 | max rel diff. = 0.187658
[2022-11-26 18:08:32.618] [jointLog] [info] iteration = 2,631 | max rel diff. = 0.00752728
[2022-11-26 18:08:32.677] [jointLog] [info] Finished optimizer
[2022-11-26 18:08:32.677] [jointLog] [info] writing output 

[2022-11-26 18:08:34.310] [jointLog] [info] Starting Bootstrapping
[2022-11-26 18:08:34.530] [jointLog] [info] Will draw 50 bootstrap samples
[2022-11-26 18:08:34.530] [jointLog] [info] Optimizing over 569,028 equivalence classes
[2022-11-26 18:08:34.606] [jointLog] [info] Marked 0 weighted equivalence classes as degenerate
[2022-11-26 18:13:03.134] [jointLog] [info] wrote 1 bootstraps
[2022-11-26 18:13:12.250] [jointLog] [info] wrote 2 bootstraps
[2022-11-26 18:13:14.830] [jointLog] [info] wrote 3 bootstraps
[2022-11-26 18:17:21.062] [jointLog] [info] wrote 4 bootstraps
[2022-11-26 18:17:28.699] [jointLog] [info] wrote 5 bootstraps
[2022-11-26 18:18:02.748] [jointLog] [info] wrote 6 bootstraps
[2022-11-26 18:21:42.299] [jointLog] [info] wrote 7 bootstraps
[2022-11-26 18:22:09.800] [jointLog] [info] wrote 8 bootstraps
[2022-11-26 18:22:56.018] [jointLog] [info] wrote 9 bootstraps
[2022-11-26 18:26:20.065] [jointLog] [info] wrote 10 bootstraps
[2022-11-26 18:27:28.243] [jointLog] [info] wrote 11 bootstraps
[2022-11-26 18:28:07.685] [jointLog] [info] wrote 12 bootstraps
[2022-11-26 18:30:57.627] [jointLog] [info] wrote 13 bootstraps
[2022-11-26 18:32:18.515] [jointLog] [info] wrote 14 bootstraps
[2022-11-26 18:33:28.316] [jointLog] [info] wrote 15 bootstraps
[2022-11-26 18:35:02.183] [jointLog] [info] wrote 16 bootstraps
[2022-11-26 18:36:14.748] [jointLog] [info] wrote 17 bootstraps
[2022-11-26 18:37:46.446] [jointLog] [info] wrote 18 bootstraps
[2022-11-26 18:39:57.918] [jointLog] [info] wrote 19 bootstraps
[2022-11-26 18:41:28.385] [jointLog] [info] wrote 20 bootstraps
[2022-11-26 18:42:28.888] [jointLog] [info] wrote 21 bootstraps
[2022-11-26 18:45:12.219] [jointLog] [info] wrote 22 bootstraps
[2022-11-26 18:46:01.198] [jointLog] [info] wrote 23 bootstraps
[2022-11-26 18:48:15.377] [jointLog] [info] wrote 24 bootstraps
[2022-11-26 18:49:55.065] [jointLog] [info] wrote 25 bootstraps
[2022-11-26 18:50:36.811] [jointLog] [info] wrote 26 bootstraps
[2022-11-26 18:53:20.395] [jointLog] [info] wrote 27 bootstraps
[2022-11-26 18:54:46.104] [jointLog] [info] wrote 28 bootstraps
[2022-11-26 18:55:12.588] [jointLog] [info] wrote 29 bootstraps
[2022-11-26 18:57:34.505] [jointLog] [info] wrote 30 bootstraps
[2022-11-26 18:58:17.722] [jointLog] [info] wrote 31 bootstraps
[2022-11-26 19:00:34.304] [jointLog] [info] wrote 32 bootstraps
[2022-11-26 19:01:41.843] [jointLog] [info] wrote 33 bootstraps
[2022-11-26 19:02:34.768] [jointLog] [info] wrote 34 bootstraps
[2022-11-26 19:05:20.366] [jointLog] [info] wrote 35 bootstraps
[2022-11-26 19:06:54.657] [jointLog] [info] wrote 36 bootstraps
[2022-11-26 19:07:14.983] [jointLog] [info] wrote 37 bootstraps
[2022-11-26 19:10:28.457] [jointLog] [info] wrote 38 bootstraps
[2022-11-26 19:11:57.373] [jointLog] [info] wrote 39 bootstraps
[2022-11-26 19:12:15.193] [jointLog] [info] wrote 40 bootstraps
[2022-11-26 19:15:29.228] [jointLog] [info] wrote 41 bootstraps
[2022-11-26 19:16:44.831] [jointLog] [info] wrote 42 bootstraps
[2022-11-26 19:17:33.758] [jointLog] [info] wrote 43 bootstraps
[2022-11-26 19:20:39.821] [jointLog] [info] wrote 44 bootstraps
[2022-11-26 19:21:01.683] [jointLog] [info] wrote 45 bootstraps
[2022-11-26 19:21:38.405] [jointLog] [info] wrote 46 bootstraps
[2022-11-26 19:25:33.115] [jointLog] [info] wrote 47 bootstraps
[2022-11-26 19:25:43.582] [jointLog] [info] wrote 48 bootstraps
[2022-11-26 19:25:50.454] [jointLog] [info] wrote 49 bootstraps
[2022-11-26 19:30:18.186] [jointLog] [info] wrote 50 bootstraps
[2022-11-26 19:30:18.226] [jointLog] [info] Finished Bootstrapping
[2022-11-26 19:30:18.226] [jointLog] [info] Computing gene-level abundance estimates
[2022-11-26 19:31:16.006] [jointLog] [info] There were 246624 transcripts mapping to 61544 genes
[2022-11-26 19:31:16.011] [jointLog] [info] NOTE: We recommend using tximport (https://bioconductor.org/packages/release/bioc/html/tximport.html) for aggregating transcript-level salmon abundance estimates to the gene level.  It is more versatile, exposes more features, and allows considering multi-sample information during aggregation.
[2022-11-26 19:31:16.783] [jointLog] [info] Aggregating expressions to gene level
[2022-11-26 19:31:17.247] [jointLog] [info] done
