IRFinder version: 1.3.0
IRFinder start:  Thu Feb 3 20:12:23 GMT 2022
IRFinder runmode: BAM
IRFinder user@host: mzanovel @ burns-610-7.local
IRFinder working dir:  /SAN/vyplab/first_weeks/TDP_CHX_CLONES_GLIA/rna_seq_snakemake
IRFinder reference: /SAN/vyplab/alb_projects/tools/IRFinder/REF/human_gencode_v34/irfinder/
IRFinder file 1: /SAN/vyplab/first_weeks/TDP_CHX_CLONES_GLIA/IRFinder/dox-conc_DOX_0.075_3_namesorted.bam
IRFinder file 2: 
---
IRFinder run with options:
Output Dir	/SAN/vyplab/first_weeks/TDP_CHX_CLONES_GLIA/IRFinder/dox-conc_DOX_0.075_3
Main intron reference:	/SAN/vyplab/alb_projects/tools/IRFinder/REF/human_gencode_v34/irfinder//IRFinder/ref-cover.bed
Read spans reference:	/SAN/vyplab/alb_projects/tools/IRFinder/REF/human_gencode_v34/irfinder//IRFinder/ref-read-continues.ref
Optional ROI reference:	/SAN/vyplab/alb_projects/tools/IRFinder/REF/human_gencode_v34/irfinder//IRFinder/ref-ROI.bed
Optional BAM output:	NULL
Total reads processed: 104200844
Total nucleotides: 5487462676
Total singles processed: 0
Total pairs processed: 38407027
Short pairs: 7599661
Intersect pairs: 23270794
Long pairs: 7536572
Skipped reads: 27386289
Error reads: 501
Directionality: Dir evidence:	123527
Directionality: Nondir evidence:	346
Directionality: Dir evidence known junctions:	117717
Directionality: Nondir evidence known junctions:	266
Directionality: Dir matches ref:	117715
Directionality: Dir opposed to ref:	2
Directionality: Dir score all (0-10000):	9971
Directionality: Dir score known junctions (0-10000):	9977
RNA-Seq directionality -1/0/+1:	1
