[2022-06-23 22:53:38.337] [jointLog] [info] setting maxHashResizeThreads to 4
[2022-06-23 22:53:38.337] [jointLog] [info] Fragment incompatibility prior below threshold.  Incompatible fragments will be ignored.
[2022-06-23 22:53:38.337] [jointLog] [info] Usage of --validateMappings implies use of minScoreFraction. Since not explicitly specified, it is being set to 0.65
[2022-06-23 22:53:38.337] [jointLog] [info] Setting consensusSlack to selective-alignment default of 0.35.
[2022-06-23 22:53:38.337] [jointLog] [info] parsing read library format
[2022-06-23 22:53:38.337] [jointLog] [info] There is 1 library.
[2022-06-23 22:53:38.338] [jointLog] [info] Loading pufferfish index
[2022-06-23 22:53:38.338] [jointLog] [info] Loading dense pufferfish index.
[2022-06-23 22:54:17.723] [jointLog] [info] done
[2022-06-23 22:54:17.796] [jointLog] [info] Index contained 245,455 targets
[2022-06-23 22:54:20.438] [jointLog] [info] Number of decoys : 194
[2022-06-23 22:54:20.438] [jointLog] [info] First decoy index : 245,220 
[2022-06-23 22:54:21.055] [jointLog] [info] Automatically detected most likely library type as ISF

[2022-06-23 23:06:46.958] [jointLog] [info] Thread saw mini-batch with a maximum of 3.76% zero probability fragments
[2022-06-23 23:06:46.996] [jointLog] [info] Thread saw mini-batch with a maximum of 3.66% zero probability fragments
[2022-06-23 23:06:47.028] [jointLog] [info] Thread saw mini-batch with a maximum of 3.74% zero probability fragments
[2022-06-23 23:06:47.128] [jointLog] [info] Thread saw mini-batch with a maximum of 3.68% zero probability fragments
[2022-06-23 23:06:47.643] [fileLog] [info] 
At end of round 0
==================
Observed 47201864 total fragments (47201864 in most recent round)

[2022-06-23 23:06:47.643] [jointLog] [info] Computed 531,527 rich equivalence classes for further processing
[2022-06-23 23:06:47.643] [jointLog] [info] Counted 41,160,112 total reads in the equivalence classes 
[2022-06-23 23:06:47.647] [jointLog] [warning] 0.00124571% of fragments were shorter than the k used to build the index.
If this fraction is too large, consider re-building the index with a smaller k.
The minimum read size found was 15.


[2022-06-23 23:06:47.647] [jointLog] [info] Number of mappings discarded because of alignment score : 27,404,510
[2022-06-23 23:06:47.647] [jointLog] [info] Number of fragments entirely discarded because of alignment score : 1,880,698
[2022-06-23 23:06:47.647] [jointLog] [info] Number of fragments discarded because they are best-mapped to decoys : 1,231,822
[2022-06-23 23:06:47.647] [jointLog] [info] Number of fragments discarded because they have only dovetail (discordant) mappings to valid targets : 249,122
[2022-06-23 23:06:47.647] [jointLog] [info] Mapping rate = 87.2002%

[2022-06-23 23:06:47.647] [jointLog] [info] finished quantifyLibrary()
[2022-06-23 23:06:47.648] [jointLog] [info] Starting optimizer
[2022-06-23 23:06:47.914] [jointLog] [info] Marked 0 weighted equivalence classes as degenerate
[2022-06-23 23:06:47.966] [jointLog] [info] iteration = 0 | max rel diff. = 2965.2
[2022-06-23 23:06:48.391] [jointLog] [info] iteration 11, adjusting effective lengths to account for biases
[2022-06-23 23:08:26.521] [jointLog] [info] Computed expected counts (for bias correction)
[2022-06-23 23:08:26.523] [jointLog] [info] processed bias for 0.0% of the transcripts
[2022-06-23 23:08:37.382] [jointLog] [info] processed bias for 10.0% of the transcripts
[2022-06-23 23:08:47.379] [jointLog] [info] processed bias for 20.0% of the transcripts
[2022-06-23 23:08:57.916] [jointLog] [info] processed bias for 30.0% of the transcripts
[2022-06-23 23:09:08.489] [jointLog] [info] processed bias for 40.0% of the transcripts
[2022-06-23 23:09:18.603] [jointLog] [info] processed bias for 50.0% of the transcripts
[2022-06-23 23:09:28.817] [jointLog] [info] processed bias for 60.0% of the transcripts
[2022-06-23 23:09:38.970] [jointLog] [info] processed bias for 70.0% of the transcripts
[2022-06-23 23:09:49.539] [jointLog] [info] processed bias for 80.0% of the transcripts
[2022-06-23 23:10:01.197] [jointLog] [info] processed bias for 90.0% of the transcripts
[2022-06-23 23:10:11.267] [jointLog] [info] processed bias for 100.0% of the transcripts
[2022-06-23 23:10:14.590] [jointLog] [info] iteration = 100 | max rel diff. = 18.2109
[2022-06-23 23:10:18.222] [jointLog] [info] iteration = 200 | max rel diff. = 6.46431
[2022-06-23 23:10:21.862] [jointLog] [info] iteration = 300 | max rel diff. = 6.72678
[2022-06-23 23:10:25.496] [jointLog] [info] iteration = 400 | max rel diff. = 3.71677
[2022-06-23 23:10:29.132] [jointLog] [info] iteration = 500 | max rel diff. = 5.33344
[2022-06-23 23:10:32.763] [jointLog] [info] iteration = 600 | max rel diff. = 1.05374
[2022-06-23 23:10:36.404] [jointLog] [info] iteration = 700 | max rel diff. = 0.117248
[2022-06-23 23:10:40.033] [jointLog] [info] iteration = 800 | max rel diff. = 0.490124
[2022-06-23 23:10:43.667] [jointLog] [info] iteration = 900 | max rel diff. = 1.60659
[2022-06-23 23:10:47.297] [jointLog] [info] iteration = 1,000 | max rel diff. = 0.100527
[2022-06-23 23:10:50.934] [jointLog] [info] iteration = 1,100 | max rel diff. = 0.394441
[2022-06-23 23:10:54.565] [jointLog] [info] iteration = 1,200 | max rel diff. = 0.0746541
[2022-06-23 23:10:58.197] [jointLog] [info] iteration = 1,300 | max rel diff. = 0.056261
[2022-06-23 23:11:01.831] [jointLog] [info] iteration = 1,400 | max rel diff. = 0.099224
[2022-06-23 23:11:05.463] [jointLog] [info] iteration = 1,500 | max rel diff. = 0.232702
[2022-06-23 23:11:09.099] [jointLog] [info] iteration = 1,600 | max rel diff. = 0.0928806
[2022-06-23 23:11:12.716] [jointLog] [info] iteration = 1,700 | max rel diff. = 0.0350882
[2022-06-23 23:11:16.349] [jointLog] [info] iteration = 1,800 | max rel diff. = 0.0283451
[2022-06-23 23:11:19.980] [jointLog] [info] iteration = 1,900 | max rel diff. = 0.576731
[2022-06-23 23:11:23.615] [jointLog] [info] iteration = 2,000 | max rel diff. = 0.025922
[2022-06-23 23:11:25.286] [jointLog] [info] iteration = 2,047 | max rel diff. = 0.00974323
[2022-06-23 23:11:25.315] [jointLog] [info] Finished optimizer
[2022-06-23 23:11:25.315] [jointLog] [info] writing output 

