[2022-11-26 14:34:12.632] [jointLog] [info] setting maxHashResizeThreads to 4
[2022-11-26 14:34:12.632] [jointLog] [info] Fragment incompatibility prior below threshold.  Incompatible fragments will be ignored.
[2022-11-26 14:34:12.632] [jointLog] [info] Usage of --validateMappings implies use of minScoreFraction. Since not explicitly specified, it is being set to 0.65
[2022-11-26 14:34:12.632] [jointLog] [info] Setting consensusSlack to selective-alignment default of 0.35.
[2022-11-26 14:34:12.632] [jointLog] [info] parsing read library format
[2022-11-26 14:34:12.632] [jointLog] [info] There is 1 library.
[2022-11-26 14:34:13.165] [jointLog] [info] Loading pufferfish index
[2022-11-26 14:34:13.216] [jointLog] [info] Loading dense pufferfish index.
[2022-11-26 14:35:09.242] [jointLog] [info] done
[2022-11-26 14:35:09.242] [jointLog] [info] Index contained 245,455 targets
[2022-11-26 14:35:13.517] [jointLog] [info] Number of decoys : 194
[2022-11-26 14:35:13.517] [jointLog] [info] First decoy index : 245,220 
[2022-11-26 14:35:17.534] [jointLog] [info] Automatically detected most likely library type as ISF

[2022-11-26 15:34:59.518] [jointLog] [info] Thread saw mini-batch with a maximum of 1.96% zero probability fragments
[2022-11-26 15:34:59.713] [jointLog] [info] Thread saw mini-batch with a maximum of 2.00% zero probability fragments
[2022-11-26 15:34:59.783] [jointLog] [info] Thread saw mini-batch with a maximum of 2.12% zero probability fragments
[2022-11-26 15:35:00.191] [jointLog] [info] Thread saw mini-batch with a maximum of 2.08% zero probability fragments
[2022-11-26 15:35:00.798] [fileLog] [info] 
At end of round 0
==================
Observed 61838496 total fragments (61838496 in most recent round)

[2022-11-26 15:35:00.798] [jointLog] [info] Computed 520,798 rich equivalence classes for further processing
[2022-11-26 15:35:00.798] [jointLog] [info] Counted 50,670,942 total reads in the equivalence classes 
[2022-11-26 15:35:00.802] [jointLog] [warning] 0.00690994% of fragments were shorter than the k used to build the index.
If this fraction is too large, consider re-building the index with a smaller k.
The minimum read size found was 15.


[2022-11-26 15:35:00.802] [jointLog] [info] Number of mappings discarded because of alignment score : 37,406,023
[2022-11-26 15:35:00.802] [jointLog] [info] Number of fragments entirely discarded because of alignment score : 3,954,564
[2022-11-26 15:35:00.802] [jointLog] [info] Number of fragments discarded because they are best-mapped to decoys : 2,357,560
[2022-11-26 15:35:00.802] [jointLog] [info] Number of fragments discarded because they have only dovetail (discordant) mappings to valid targets : 759,126
[2022-11-26 15:35:00.802] [jointLog] [info] Mapping rate = 81.9408%

[2022-11-26 15:35:00.802] [jointLog] [info] finished quantifyLibrary()
[2022-11-26 15:35:01.032] [jointLog] [info] Starting optimizer
[2022-11-26 15:35:25.684] [jointLog] [info] Marked 0 weighted equivalence classes as degenerate
[2022-11-26 15:35:25.746] [jointLog] [info] iteration = 0 | max rel diff. = 87.6957
[2022-11-26 15:35:26.312] [jointLog] [info] iteration 11, adjusting effective lengths to account for biases
[2022-11-26 15:37:34.925] [jointLog] [info] Computed expected counts (for bias correction)
[2022-11-26 15:37:34.926] [jointLog] [info] processed bias for 0.0% of the transcripts
[2022-11-26 15:37:49.963] [jointLog] [info] processed bias for 10.0% of the transcripts
[2022-11-26 15:38:04.338] [jointLog] [info] processed bias for 20.0% of the transcripts
[2022-11-26 15:38:18.583] [jointLog] [info] processed bias for 30.0% of the transcripts
[2022-11-26 15:38:33.241] [jointLog] [info] processed bias for 40.0% of the transcripts
[2022-11-26 15:38:47.663] [jointLog] [info] processed bias for 50.0% of the transcripts
[2022-11-26 15:39:00.870] [jointLog] [info] processed bias for 60.0% of the transcripts
[2022-11-26 15:39:15.200] [jointLog] [info] processed bias for 70.0% of the transcripts
[2022-11-26 15:39:28.062] [jointLog] [info] processed bias for 80.0% of the transcripts
[2022-11-26 15:39:42.797] [jointLog] [info] processed bias for 90.0% of the transcripts
[2022-11-26 15:39:55.294] [jointLog] [info] processed bias for 100.0% of the transcripts
[2022-11-26 15:40:01.346] [jointLog] [info] iteration = 100 | max rel diff. = 8.84522
[2022-11-26 15:40:08.003] [jointLog] [info] iteration = 200 | max rel diff. = 6.5102
[2022-11-26 15:40:14.622] [jointLog] [info] iteration = 300 | max rel diff. = 12.2113
[2022-11-26 15:40:20.857] [jointLog] [info] iteration = 400 | max rel diff. = 6.04091
[2022-11-26 15:40:27.160] [jointLog] [info] iteration = 500 | max rel diff. = 7.81458
[2022-11-26 15:40:33.744] [jointLog] [info] iteration = 600 | max rel diff. = 11.3222
[2022-11-26 15:40:40.307] [jointLog] [info] iteration = 700 | max rel diff. = 6.19793
[2022-11-26 15:40:47.068] [jointLog] [info] iteration = 800 | max rel diff. = 0.111631
[2022-11-26 15:40:53.585] [jointLog] [info] iteration = 900 | max rel diff. = 0.2053
[2022-11-26 15:40:59.771] [jointLog] [info] iteration = 1,000 | max rel diff. = 0.517767
[2022-11-26 15:41:06.083] [jointLog] [info] iteration = 1,100 | max rel diff. = 0.111448
[2022-11-26 15:41:12.939] [jointLog] [info] iteration = 1,200 | max rel diff. = 0.103386
[2022-11-26 15:41:19.739] [jointLog] [info] iteration = 1,300 | max rel diff. = 0.0841076
[2022-11-26 15:41:26.542] [jointLog] [info] iteration = 1,400 | max rel diff. = 0.104613
[2022-11-26 15:41:33.262] [jointLog] [info] iteration = 1,500 | max rel diff. = 1.27585
[2022-11-26 15:41:39.705] [jointLog] [info] iteration = 1,600 | max rel diff. = 0.0383703
[2022-11-26 15:41:46.561] [jointLog] [info] iteration = 1,700 | max rel diff. = 0.050213
[2022-11-26 15:41:53.253] [jointLog] [info] iteration = 1,800 | max rel diff. = 0.0190896
[2022-11-26 15:42:00.047] [jointLog] [info] iteration = 1,900 | max rel diff. = 0.109302
[2022-11-26 15:42:06.687] [jointLog] [info] iteration = 2,000 | max rel diff. = 1.33355
[2022-11-26 15:42:13.148] [jointLog] [info] iteration = 2,098 | max rel diff. = 0.0087246
[2022-11-26 15:42:13.208] [jointLog] [info] Finished optimizer
[2022-11-26 15:42:13.208] [jointLog] [info] writing output 

[2022-11-26 15:42:14.946] [jointLog] [info] Starting Bootstrapping
[2022-11-26 15:42:15.154] [jointLog] [info] Will draw 50 bootstrap samples
[2022-11-26 15:42:15.154] [jointLog] [info] Optimizing over 520,798 equivalence classes
[2022-11-26 15:42:15.221] [jointLog] [info] Marked 0 weighted equivalence classes as degenerate
[2022-11-26 15:46:27.503] [jointLog] [info] wrote 1 bootstraps
[2022-11-26 15:46:56.434] [jointLog] [info] wrote 2 bootstraps
[2022-11-26 15:47:16.142] [jointLog] [info] wrote 3 bootstraps
[2022-11-26 15:50:33.736] [jointLog] [info] wrote 4 bootstraps
[2022-11-26 15:51:18.676] [jointLog] [info] wrote 5 bootstraps
[2022-11-26 15:51:49.685] [jointLog] [info] wrote 6 bootstraps
[2022-11-26 15:55:22.829] [jointLog] [info] wrote 7 bootstraps
[2022-11-26 15:56:53.057] [jointLog] [info] wrote 8 bootstraps
[2022-11-26 15:57:06.500] [jointLog] [info] wrote 9 bootstraps
[2022-11-26 16:00:08.780] [jointLog] [info] wrote 10 bootstraps
[2022-11-26 16:01:15.723] [jointLog] [info] wrote 11 bootstraps
[2022-11-26 16:01:54.059] [jointLog] [info] wrote 12 bootstraps
[2022-11-26 16:03:00.275] [jointLog] [info] wrote 13 bootstraps
[2022-11-26 16:05:14.934] [jointLog] [info] wrote 14 bootstraps
[2022-11-26 16:05:49.748] [jointLog] [info] wrote 15 bootstraps
[2022-11-26 16:07:48.869] [jointLog] [info] wrote 16 bootstraps
[2022-11-26 16:08:21.823] [jointLog] [info] wrote 17 bootstraps
[2022-11-26 16:09:46.207] [jointLog] [info] wrote 18 bootstraps
[2022-11-26 16:11:40.208] [jointLog] [info] wrote 19 bootstraps
[2022-11-26 16:11:52.449] [jointLog] [info] wrote 20 bootstraps
[2022-11-26 16:14:01.065] [jointLog] [info] wrote 21 bootstraps
[2022-11-26 16:15:27.728] [jointLog] [info] wrote 22 bootstraps
[2022-11-26 16:15:41.247] [jointLog] [info] wrote 23 bootstraps
[2022-11-26 16:18:05.636] [jointLog] [info] wrote 24 bootstraps
[2022-11-26 16:19:16.771] [jointLog] [info] wrote 25 bootstraps
[2022-11-26 16:20:06.932] [jointLog] [info] wrote 26 bootstraps
[2022-11-26 16:21:36.966] [jointLog] [info] wrote 27 bootstraps
[2022-11-26 16:23:39.371] [jointLog] [info] wrote 28 bootstraps
[2022-11-26 16:23:40.509] [jointLog] [info] wrote 29 bootstraps
[2022-11-26 16:25:21.308] [jointLog] [info] wrote 30 bootstraps
[2022-11-26 16:27:10.387] [jointLog] [info] wrote 31 bootstraps
[2022-11-26 16:27:19.527] [jointLog] [info] wrote 32 bootstraps
[2022-11-26 16:29:29.067] [jointLog] [info] wrote 33 bootstraps
[2022-11-26 16:31:06.568] [jointLog] [info] wrote 34 bootstraps
[2022-11-26 16:32:16.691] [jointLog] [info] wrote 35 bootstraps
[2022-11-26 16:32:57.249] [jointLog] [info] wrote 36 bootstraps
[2022-11-26 16:34:59.751] [jointLog] [info] wrote 37 bootstraps
[2022-11-26 16:36:12.735] [jointLog] [info] wrote 38 bootstraps
[2022-11-26 16:37:36.797] [jointLog] [info] wrote 39 bootstraps
[2022-11-26 16:38:29.686] [jointLog] [info] wrote 40 bootstraps
[2022-11-26 16:40:04.574] [jointLog] [info] wrote 41 bootstraps
[2022-11-26 16:40:45.724] [jointLog] [info] wrote 42 bootstraps
[2022-11-26 16:42:07.014] [jointLog] [info] wrote 43 bootstraps
[2022-11-26 16:44:22.163] [jointLog] [info] wrote 44 bootstraps
[2022-11-26 16:44:32.162] [jointLog] [info] wrote 45 bootstraps
[2022-11-26 16:44:51.601] [jointLog] [info] wrote 46 bootstraps
[2022-11-26 16:47:42.956] [jointLog] [info] wrote 47 bootstraps
[2022-11-26 16:47:49.654] [jointLog] [info] wrote 48 bootstraps
[2022-11-26 16:48:06.617] [jointLog] [info] wrote 49 bootstraps
[2022-11-26 16:51:00.117] [jointLog] [info] wrote 50 bootstraps
[2022-11-26 16:51:00.170] [jointLog] [info] Finished Bootstrapping
[2022-11-26 16:51:00.170] [jointLog] [info] Computing gene-level abundance estimates
[2022-11-26 16:51:55.640] [jointLog] [info] There were 246624 transcripts mapping to 61544 genes
[2022-11-26 16:51:55.681] [jointLog] [info] NOTE: We recommend using tximport (https://bioconductor.org/packages/release/bioc/html/tximport.html) for aggregating transcript-level salmon abundance estimates to the gene level.  It is more versatile, exposes more features, and allows considering multi-sample information during aggregation.
[2022-11-26 16:51:56.550] [jointLog] [info] Aggregating expressions to gene level
[2022-11-26 16:51:57.115] [jointLog] [info] done
