IRFinder version: 1.3.0
IRFinder start:  Thu Feb 3 20:42:43 GMT 2022
IRFinder runmode: BAM
IRFinder user@host: mzanovel @ saunders-608-44.local
IRFinder working dir:  /SAN/vyplab/first_weeks/TDP_CHX_CLONES_GLIA/rna_seq_snakemake
IRFinder reference: /SAN/vyplab/alb_projects/tools/IRFinder/REF/human_gencode_v34/irfinder/
IRFinder file 1: /SAN/vyplab/first_weeks/TDP_CHX_CLONES_GLIA/IRFinder/dox-conc_DOX_0.0187_3_namesorted.bam
IRFinder file 2: 
---
IRFinder run with options:
Output Dir	/SAN/vyplab/first_weeks/TDP_CHX_CLONES_GLIA/IRFinder/dox-conc_DOX_0.0187_3
Main intron reference:	/SAN/vyplab/alb_projects/tools/IRFinder/REF/human_gencode_v34/irfinder//IRFinder/ref-cover.bed
Read spans reference:	/SAN/vyplab/alb_projects/tools/IRFinder/REF/human_gencode_v34/irfinder//IRFinder/ref-read-continues.ref
Optional ROI reference:	/SAN/vyplab/alb_projects/tools/IRFinder/REF/human_gencode_v34/irfinder//IRFinder/ref-ROI.bed
Optional BAM output:	NULL
Total reads processed: 122563566
Total nucleotides: 6469116067
Total singles processed: 0
Total pairs processed: 47313196
Short pairs: 11925175
Intersect pairs: 27196054
Long pairs: 8191967
Skipped reads: 27936832
Error reads: 342
Directionality: Dir evidence:	130404
Directionality: Nondir evidence:	307
Directionality: Dir evidence known junctions:	122860
Directionality: Nondir evidence known junctions:	225
Directionality: Dir matches ref:	122858
Directionality: Dir opposed to ref:	2
Directionality: Dir score all (0-10000):	9976
Directionality: Dir score known junctions (0-10000):	9981
RNA-Seq directionality -1/0/+1:	1
