IRFinder version: 1.3.0
IRFinder start:  Thu Feb 3 20:42:44 GMT 2022
IRFinder runmode: BAM
IRFinder user@host: mzanovel @ burns-610-121.local
IRFinder working dir:  /SAN/vyplab/first_weeks/TDP_CHX_CLONES_GLIA/rna_seq_snakemake
IRFinder reference: /SAN/vyplab/alb_projects/tools/IRFinder/REF/human_gencode_v34/irfinder/
IRFinder file 1: /SAN/vyplab/first_weeks/TDP_CHX_CLONES_GLIA/IRFinder/dox-conc_DOX_0.0125_1_namesorted.bam
IRFinder file 2: 
---
IRFinder run with options:
Output Dir	/SAN/vyplab/first_weeks/TDP_CHX_CLONES_GLIA/IRFinder/dox-conc_DOX_0.0125_1
Main intron reference:	/SAN/vyplab/alb_projects/tools/IRFinder/REF/human_gencode_v34/irfinder//IRFinder/ref-cover.bed
Read spans reference:	/SAN/vyplab/alb_projects/tools/IRFinder/REF/human_gencode_v34/irfinder//IRFinder/ref-read-continues.ref
Optional ROI reference:	/SAN/vyplab/alb_projects/tools/IRFinder/REF/human_gencode_v34/irfinder//IRFinder/ref-ROI.bed
Optional BAM output:	NULL
Total reads processed: 121595126
Total nucleotides: 6348768247
Total singles processed: 0
Total pairs processed: 48623573
Short pairs: 14623772
Intersect pairs: 27009195
Long pairs: 6990606
Skipped reads: 24347607
Error reads: 373
Directionality: Dir evidence:	129619
Directionality: Nondir evidence:	445
Directionality: Dir evidence known junctions:	122325
Directionality: Nondir evidence known junctions:	323
Directionality: Dir matches ref:	122323
Directionality: Dir opposed to ref:	2
Directionality: Dir score all (0-10000):	9965
Directionality: Dir score known junctions (0-10000):	9973
RNA-Seq directionality -1/0/+1:	1
