IRFinder version: 1.3.0
IRFinder start:  Thu Feb 3 20:42:43 GMT 2022
IRFinder runmode: BAM
IRFinder user@host: mzanovel @ saunders-608-16.local
IRFinder working dir:  /SAN/vyplab/first_weeks/TDP_CHX_CLONES_GLIA/rna_seq_snakemake
IRFinder reference: /SAN/vyplab/alb_projects/tools/IRFinder/REF/human_gencode_v34/irfinder/
IRFinder file 1: /SAN/vyplab/first_weeks/TDP_CHX_CLONES_GLIA/IRFinder/dox-conc_DOX_0.025_1_namesorted.bam
IRFinder file 2: 
---
IRFinder run with options:
Output Dir	/SAN/vyplab/first_weeks/TDP_CHX_CLONES_GLIA/IRFinder/dox-conc_DOX_0.025_1
Main intron reference:	/SAN/vyplab/alb_projects/tools/IRFinder/REF/human_gencode_v34/irfinder//IRFinder/ref-cover.bed
Read spans reference:	/SAN/vyplab/alb_projects/tools/IRFinder/REF/human_gencode_v34/irfinder//IRFinder/ref-read-continues.ref
Optional ROI reference:	/SAN/vyplab/alb_projects/tools/IRFinder/REF/human_gencode_v34/irfinder//IRFinder/ref-ROI.bed
Optional BAM output:	NULL
Total reads processed: 121999194
Total nucleotides: 6260440478
Total singles processed: 0
Total pairs processed: 46902806
Short pairs: 12687549
Intersect pairs: 27213540
Long pairs: 7001717
Skipped reads: 28193236
Error reads: 346
Directionality: Dir evidence:	129104
Directionality: Nondir evidence:	373
Directionality: Dir evidence known junctions:	121961
Directionality: Nondir evidence known junctions:	252
Directionality: Dir matches ref:	121959
Directionality: Dir opposed to ref:	2
Directionality: Dir score all (0-10000):	9971
Directionality: Dir score known junctions (0-10000):	9979
RNA-Seq directionality -1/0/+1:	1
