[2022-06-23 23:12:12.553] [jointLog] [info] setting maxHashResizeThreads to 4
[2022-06-23 23:12:12.553] [jointLog] [info] Fragment incompatibility prior below threshold.  Incompatible fragments will be ignored.
[2022-06-23 23:12:12.553] [jointLog] [info] Usage of --validateMappings implies use of minScoreFraction. Since not explicitly specified, it is being set to 0.65
[2022-06-23 23:12:12.553] [jointLog] [info] Setting consensusSlack to selective-alignment default of 0.35.
[2022-06-23 23:12:12.553] [jointLog] [info] parsing read library format
[2022-06-23 23:12:12.553] [jointLog] [info] There is 1 library.
[2022-06-23 23:12:12.554] [jointLog] [info] Loading pufferfish index
[2022-06-23 23:12:12.555] [jointLog] [info] Loading dense pufferfish index.
[2022-06-23 23:14:31.663] [jointLog] [info] done
[2022-06-23 23:14:31.759] [jointLog] [info] Index contained 245,455 targets
[2022-06-23 23:14:36.347] [jointLog] [info] Number of decoys : 194
[2022-06-23 23:14:36.347] [jointLog] [info] First decoy index : 245,220 
[2022-06-23 23:14:38.187] [jointLog] [info] Automatically detected most likely library type as ISF

[2022-06-23 23:35:31.343] [jointLog] [info] Thread saw mini-batch with a maximum of 3.98% zero probability fragments
[2022-06-23 23:35:31.405] [jointLog] [info] Thread saw mini-batch with a maximum of 3.94% zero probability fragments
[2022-06-23 23:35:31.521] [jointLog] [info] Thread saw mini-batch with a maximum of 3.68% zero probability fragments
[2022-06-23 23:35:31.663] [jointLog] [info] Thread saw mini-batch with a maximum of 3.94% zero probability fragments
[2022-06-23 23:35:32.221] [jointLog] [info] Computed 478,432 rich equivalence classes for further processing
[2022-06-23 23:35:32.221] [jointLog] [info] Counted 44,653,972 total reads in the equivalence classes 
[2022-06-23 23:35:32.227] [jointLog] [warning] 0.000803065% of fragments were shorter than the k used to build the index.
If this fraction is too large, consider re-building the index with a smaller k.
The minimum read size found was 15.


[2022-06-23 23:35:32.227] [jointLog] [info] Number of mappings discarded because of alignment score : 26,889,664
[2022-06-23 23:35:32.227] [jointLog] [info] Number of fragments entirely discarded because of alignment score : 1,967,601
[2022-06-23 23:35:32.227] [jointLog] [info] Number of fragments discarded because they are best-mapped to decoys : 1,446,864
[2022-06-23 23:35:32.227] [jointLog] [info] Number of fragments discarded because they have only dovetail (discordant) mappings to valid targets : 189,987
[2022-06-23 23:35:32.227] [jointLog] [info] Mapping rate = 86.6185%

[2022-06-23 23:35:32.227] [jointLog] [info] finished quantifyLibrary()
[2022-06-23 23:35:32.229] [jointLog] [info] Starting optimizer
[2022-06-23 23:35:32.222] [fileLog] [info] 
At end of round 0
==================
Observed 51552467 total fragments (51552467 in most recent round)

[2022-06-23 23:35:32.874] [jointLog] [info] Marked 0 weighted equivalence classes as degenerate
[2022-06-23 23:35:32.923] [jointLog] [info] iteration = 0 | max rel diff. = 1944.16
[2022-06-23 23:35:33.436] [jointLog] [info] iteration 11, adjusting effective lengths to account for biases
[2022-06-23 23:39:40.122] [jointLog] [info] Computed expected counts (for bias correction)
[2022-06-23 23:39:40.122] [jointLog] [info] processed bias for 0.0% of the transcripts
[2022-06-23 23:40:03.976] [jointLog] [info] processed bias for 10.0% of the transcripts
[2022-06-23 23:40:26.125] [jointLog] [info] processed bias for 20.0% of the transcripts
[2022-06-23 23:40:49.396] [jointLog] [info] processed bias for 30.0% of the transcripts
[2022-06-23 23:41:12.481] [jointLog] [info] processed bias for 40.0% of the transcripts
[2022-06-23 23:41:34.530] [jointLog] [info] processed bias for 50.0% of the transcripts
[2022-06-23 23:41:55.097] [jointLog] [info] processed bias for 60.0% of the transcripts
[2022-06-23 23:42:15.700] [jointLog] [info] processed bias for 70.0% of the transcripts
[2022-06-23 23:42:35.090] [jointLog] [info] processed bias for 80.0% of the transcripts
[2022-06-23 23:42:57.048] [jointLog] [info] processed bias for 90.0% of the transcripts
[2022-06-23 23:43:19.462] [jointLog] [info] processed bias for 100.0% of the transcripts
[2022-06-23 23:43:23.925] [jointLog] [info] iteration = 100 | max rel diff. = 17.6616
[2022-06-23 23:43:28.651] [jointLog] [info] iteration = 200 | max rel diff. = 10.9717
[2022-06-23 23:43:33.477] [jointLog] [info] iteration = 300 | max rel diff. = 10.8665
[2022-06-23 23:43:38.053] [jointLog] [info] iteration = 400 | max rel diff. = 9.07934
[2022-06-23 23:43:42.919] [jointLog] [info] iteration = 500 | max rel diff. = 1.2672
[2022-06-23 23:43:47.356] [jointLog] [info] iteration = 600 | max rel diff. = 0.554138
[2022-06-23 23:43:51.979] [jointLog] [info] iteration = 700 | max rel diff. = 0.950249
[2022-06-23 23:43:56.931] [jointLog] [info] iteration = 800 | max rel diff. = 0.290723
[2022-06-23 23:44:01.900] [jointLog] [info] iteration = 900 | max rel diff. = 1.7643
[2022-06-23 23:44:06.463] [jointLog] [info] iteration = 1,000 | max rel diff. = 0.153054
[2022-06-23 23:44:11.471] [jointLog] [info] iteration = 1,100 | max rel diff. = 0.58872
[2022-06-23 23:44:16.368] [jointLog] [info] iteration = 1,200 | max rel diff. = 0.199294
[2022-06-23 23:44:21.577] [jointLog] [info] iteration = 1,300 | max rel diff. = 0.114488
[2022-06-23 23:44:26.450] [jointLog] [info] iteration = 1,400 | max rel diff. = 0.0238283
[2022-06-23 23:44:31.632] [jointLog] [info] iteration = 1,500 | max rel diff. = 0.318746
[2022-06-23 23:44:36.728] [jointLog] [info] iteration = 1,600 | max rel diff. = 0.33297
[2022-06-23 23:44:42.072] [jointLog] [info] iteration = 1,700 | max rel diff. = 0.0596594
[2022-06-23 23:44:47.191] [jointLog] [info] iteration = 1,800 | max rel diff. = 0.0506663
[2022-06-23 23:44:52.251] [jointLog] [info] iteration = 1,900 | max rel diff. = 0.0711095
[2022-06-23 23:44:56.322] [jointLog] [info] iteration = 1,989 | max rel diff. = 0.00989374
[2022-06-23 23:44:56.376] [jointLog] [info] Finished optimizer
[2022-06-23 23:44:56.376] [jointLog] [info] writing output 

