IRFinder version: 1.3.0
IRFinder start:  Thu Feb 3 20:42:43 GMT 2022
IRFinder runmode: BAM
IRFinder user@host: mzanovel @ saunders-608-17.local
IRFinder working dir:  /SAN/vyplab/first_weeks/TDP_CHX_CLONES_GLIA/rna_seq_snakemake
IRFinder reference: /SAN/vyplab/alb_projects/tools/IRFinder/REF/human_gencode_v34/irfinder/
IRFinder file 1: /SAN/vyplab/first_weeks/TDP_CHX_CLONES_GLIA/IRFinder/dox-conc_DOX_0.0187_1_namesorted.bam
IRFinder file 2: 
---
IRFinder run with options:
Output Dir	/SAN/vyplab/first_weeks/TDP_CHX_CLONES_GLIA/IRFinder/dox-conc_DOX_0.0187_1
Main intron reference:	/SAN/vyplab/alb_projects/tools/IRFinder/REF/human_gencode_v34/irfinder//IRFinder/ref-cover.bed
Read spans reference:	/SAN/vyplab/alb_projects/tools/IRFinder/REF/human_gencode_v34/irfinder//IRFinder/ref-read-continues.ref
Optional ROI reference:	/SAN/vyplab/alb_projects/tools/IRFinder/REF/human_gencode_v34/irfinder//IRFinder/ref-ROI.bed
Optional BAM output:	NULL
Total reads processed: 118169086
Total nucleotides: 5945495841
Total singles processed: 0
Total pairs processed: 45300550
Short pairs: 13381463
Intersect pairs: 25226089
Long pairs: 6692998
Skipped reads: 27567376
Error reads: 610
Directionality: Dir evidence:	127634
Directionality: Nondir evidence:	369
Directionality: Dir evidence known junctions:	121030
Directionality: Nondir evidence known junctions:	270
Directionality: Dir matches ref:	121029
Directionality: Dir opposed to ref:	1
Directionality: Dir score all (0-10000):	9971
Directionality: Dir score known junctions (0-10000):	9977
RNA-Seq directionality -1/0/+1:	1
