IRFinder version: 1.3.0
IRFinder start:  Thu Feb 3 20:42:43 GMT 2022
IRFinder runmode: BAM
IRFinder user@host: mzanovel @ burns-610-229.local
IRFinder working dir:  /SAN/vyplab/first_weeks/TDP_CHX_CLONES_GLIA/rna_seq_snakemake
IRFinder reference: /SAN/vyplab/alb_projects/tools/IRFinder/REF/human_gencode_v34/irfinder/
IRFinder file 1: /SAN/vyplab/first_weeks/TDP_CHX_CLONES_GLIA/IRFinder/dox-conc_NT_0_3_namesorted.bam
IRFinder file 2: 
---
IRFinder run with options:
Output Dir	/SAN/vyplab/first_weeks/TDP_CHX_CLONES_GLIA/IRFinder/dox-conc_NT_0_3
Main intron reference:	/SAN/vyplab/alb_projects/tools/IRFinder/REF/human_gencode_v34/irfinder//IRFinder/ref-cover.bed
Read spans reference:	/SAN/vyplab/alb_projects/tools/IRFinder/REF/human_gencode_v34/irfinder//IRFinder/ref-read-continues.ref
Optional ROI reference:	/SAN/vyplab/alb_projects/tools/IRFinder/REF/human_gencode_v34/irfinder//IRFinder/ref-ROI.bed
Optional BAM output:	NULL
Total reads processed: 126992272
Total nucleotides: 6536763869
Total singles processed: 0
Total pairs processed: 49916980
Short pairs: 14771966
Intersect pairs: 27879101
Long pairs: 7265913
Skipped reads: 27157792
Error reads: 520
Directionality: Dir evidence:	130593
Directionality: Nondir evidence:	424
Directionality: Dir evidence known junctions:	123168
Directionality: Nondir evidence known junctions:	298
Directionality: Dir matches ref:	123166
Directionality: Dir opposed to ref:	2
Directionality: Dir score all (0-10000):	9967
Directionality: Dir score known junctions (0-10000):	9975
RNA-Seq directionality -1/0/+1:	1
