[2022-11-26 13:10:29.057] [jointLog] [info] setting maxHashResizeThreads to 4
[2022-11-26 13:10:29.057] [jointLog] [info] Fragment incompatibility prior below threshold.  Incompatible fragments will be ignored.
[2022-11-26 13:10:29.057] [jointLog] [info] Usage of --validateMappings implies use of minScoreFraction. Since not explicitly specified, it is being set to 0.65
[2022-11-26 13:10:29.057] [jointLog] [info] Setting consensusSlack to selective-alignment default of 0.35.
[2022-11-26 13:10:29.057] [jointLog] [info] parsing read library format
[2022-11-26 13:10:29.057] [jointLog] [info] There is 1 library.
[2022-11-26 13:10:37.166] [jointLog] [info] Loading pufferfish index
[2022-11-26 13:10:38.755] [jointLog] [info] Loading dense pufferfish index.
[2022-11-26 14:43:40.376] [jointLog] [info] done
[2022-11-26 14:43:40.667] [jointLog] [info] Index contained 245,455 targets
[2022-11-26 14:43:44.641] [jointLog] [info] Number of decoys : 194
[2022-11-26 14:43:44.641] [jointLog] [info] First decoy index : 245,220 
[2022-11-26 14:43:46.995] [jointLog] [info] Automatically detected most likely library type as ISF

[2022-11-26 15:28:37.827] [jointLog] [info] Thread saw mini-batch with a maximum of 2.06% zero probability fragments
[2022-11-26 15:28:37.878] [jointLog] [info] Thread saw mini-batch with a maximum of 2.02% zero probability fragments
[2022-11-26 15:28:37.969] [jointLog] [info] Thread saw mini-batch with a maximum of 2.00% zero probability fragments
[2022-11-26 15:28:38.154] [jointLog] [info] Thread saw mini-batch with a maximum of 2.10% zero probability fragments
[2022-11-26 15:28:39.891] [jointLog] [info] Computed 540,935 rich equivalence classes for further processing
[2022-11-26 15:28:39.891] [jointLog] [info] Counted 58,641,800 total reads in the equivalence classes 
[2022-11-26 15:28:39.896] [jointLog] [warning] 0.00958481% of fragments were shorter than the k used to build the index.
If this fraction is too large, consider re-building the index with a smaller k.
The minimum read size found was 15.


[2022-11-26 15:28:39.896] [jointLog] [info] Number of mappings discarded because of alignment score : 42,026,089
[2022-11-26 15:28:39.896] [jointLog] [info] Number of fragments entirely discarded because of alignment score : 3,649,477
[2022-11-26 15:28:39.896] [jointLog] [info] Number of fragments discarded because they are best-mapped to decoys : 1,842,946
[2022-11-26 15:28:39.896] [jointLog] [info] Number of fragments discarded because they have only dovetail (discordant) mappings to valid targets : 872,901
[2022-11-26 15:28:39.896] [jointLog] [info] Mapping rate = 86.1542%

[2022-11-26 15:28:39.896] [jointLog] [info] finished quantifyLibrary()
[2022-11-26 15:28:39.892] [fileLog] [info] 
At end of round 0
==================
Observed 68066068 total fragments (68066068 in most recent round)

[2022-11-26 15:28:41.225] [jointLog] [info] Starting optimizer
[2022-11-26 15:28:43.722] [jointLog] [info] Marked 0 weighted equivalence classes as degenerate
[2022-11-26 15:28:43.785] [jointLog] [info] iteration = 0 | max rel diff. = 40.8168
[2022-11-26 15:28:44.414] [jointLog] [info] iteration 11, adjusting effective lengths to account for biases
[2022-11-26 15:31:48.933] [jointLog] [info] Computed expected counts (for bias correction)
[2022-11-26 15:31:48.934] [jointLog] [info] processed bias for 0.0% of the transcripts
[2022-11-26 15:32:03.829] [jointLog] [info] processed bias for 10.0% of the transcripts
[2022-11-26 15:32:17.549] [jointLog] [info] processed bias for 20.0% of the transcripts
[2022-11-26 15:32:32.480] [jointLog] [info] processed bias for 30.0% of the transcripts
[2022-11-26 15:32:46.662] [jointLog] [info] processed bias for 40.0% of the transcripts
[2022-11-26 15:33:00.536] [jointLog] [info] processed bias for 50.0% of the transcripts
[2022-11-26 15:33:14.627] [jointLog] [info] processed bias for 60.0% of the transcripts
[2022-11-26 15:33:29.783] [jointLog] [info] processed bias for 70.0% of the transcripts
[2022-11-26 15:33:44.722] [jointLog] [info] processed bias for 80.0% of the transcripts
[2022-11-26 15:33:58.175] [jointLog] [info] processed bias for 90.0% of the transcripts
[2022-11-26 15:34:13.909] [jointLog] [info] processed bias for 100.0% of the transcripts
[2022-11-26 15:34:19.055] [jointLog] [info] iteration = 100 | max rel diff. = 8.249
[2022-11-26 15:34:24.796] [jointLog] [info] iteration = 200 | max rel diff. = 17.9069
[2022-11-26 15:34:30.581] [jointLog] [info] iteration = 300 | max rel diff. = 6.95417
[2022-11-26 15:34:36.403] [jointLog] [info] iteration = 400 | max rel diff. = 5.99041
[2022-11-26 15:34:42.319] [jointLog] [info] iteration = 500 | max rel diff. = 2.44251
[2022-11-26 15:34:48.204] [jointLog] [info] iteration = 600 | max rel diff. = 0.44617
[2022-11-26 15:34:54.035] [jointLog] [info] iteration = 700 | max rel diff. = 9.01582
[2022-11-26 15:34:59.859] [jointLog] [info] iteration = 800 | max rel diff. = 0.207435
[2022-11-26 15:35:05.658] [jointLog] [info] iteration = 900 | max rel diff. = 0.899477
[2022-11-26 15:35:11.447] [jointLog] [info] iteration = 1,000 | max rel diff. = 0.304369
[2022-11-26 15:35:17.167] [jointLog] [info] iteration = 1,100 | max rel diff. = 1.82397
[2022-11-26 15:35:22.926] [jointLog] [info] iteration = 1,200 | max rel diff. = 2.62946
[2022-11-26 15:35:28.655] [jointLog] [info] iteration = 1,300 | max rel diff. = 0.0660404
[2022-11-26 15:35:34.439] [jointLog] [info] iteration = 1,400 | max rel diff. = 0.150698
[2022-11-26 15:35:40.200] [jointLog] [info] iteration = 1,500 | max rel diff. = 3.00074
[2022-11-26 15:35:45.971] [jointLog] [info] iteration = 1,600 | max rel diff. = 0.417463
[2022-11-26 15:35:51.772] [jointLog] [info] iteration = 1,700 | max rel diff. = 0.0320599
[2022-11-26 15:35:57.580] [jointLog] [info] iteration = 1,800 | max rel diff. = 0.0465551
[2022-11-26 15:36:03.347] [jointLog] [info] iteration = 1,900 | max rel diff. = 0.857772
[2022-11-26 15:36:09.104] [jointLog] [info] iteration = 2,000 | max rel diff. = 0.116236
[2022-11-26 15:36:14.828] [jointLog] [info] iteration = 2,100 | max rel diff. = 0.0447445
[2022-11-26 15:36:20.511] [jointLog] [info] iteration = 2,200 | max rel diff. = 0.0217615
[2022-11-26 15:36:26.278] [jointLog] [info] iteration = 2,300 | max rel diff. = 0.0866771
[2022-11-26 15:36:27.029] [jointLog] [info] iteration = 2,314 | max rel diff. = 0.00596962
[2022-11-26 15:36:27.096] [jointLog] [info] Finished optimizer
[2022-11-26 15:36:27.096] [jointLog] [info] writing output 

[2022-11-26 15:36:35.341] [jointLog] [info] Starting Bootstrapping
[2022-11-26 15:36:35.613] [jointLog] [info] Will draw 50 bootstrap samples
[2022-11-26 15:36:35.613] [jointLog] [info] Optimizing over 540,935 equivalence classes
[2022-11-26 15:36:35.701] [jointLog] [info] Marked 0 weighted equivalence classes as degenerate
[2022-11-26 15:38:53.276] [jointLog] [info] wrote 1 bootstraps
[2022-11-26 15:39:20.252] [jointLog] [info] wrote 2 bootstraps
[2022-11-26 15:39:20.608] [jointLog] [info] wrote 3 bootstraps
[2022-11-26 15:41:18.766] [jointLog] [info] wrote 4 bootstraps
[2022-11-26 15:42:43.075] [jointLog] [info] wrote 5 bootstraps
[2022-11-26 15:42:58.107] [jointLog] [info] wrote 6 bootstraps
[2022-11-26 15:45:12.866] [jointLog] [info] wrote 7 bootstraps
[2022-11-26 15:45:33.508] [jointLog] [info] wrote 8 bootstraps
[2022-11-26 15:46:13.991] [jointLog] [info] wrote 9 bootstraps
[2022-11-26 15:48:05.652] [jointLog] [info] wrote 10 bootstraps
[2022-11-26 15:48:39.373] [jointLog] [info] wrote 11 bootstraps
[2022-11-26 15:49:30.016] [jointLog] [info] wrote 12 bootstraps
[2022-11-26 15:51:56.073] [jointLog] [info] wrote 13 bootstraps
[2022-11-26 15:52:05.915] [jointLog] [info] wrote 14 bootstraps
[2022-11-26 15:52:10.875] [jointLog] [info] wrote 15 bootstraps
[2022-11-26 15:54:58.203] [jointLog] [info] wrote 16 bootstraps
[2022-11-26 15:55:12.311] [jointLog] [info] wrote 17 bootstraps
[2022-11-26 15:55:18.540] [jointLog] [info] wrote 18 bootstraps
[2022-11-26 15:58:06.571] [jointLog] [info] wrote 19 bootstraps
[2022-11-26 15:58:29.484] [jointLog] [info] wrote 20 bootstraps
[2022-11-26 15:58:40.225] [jointLog] [info] wrote 21 bootstraps
[2022-11-26 16:01:08.558] [jointLog] [info] wrote 22 bootstraps
[2022-11-26 16:01:25.306] [jointLog] [info] wrote 23 bootstraps
[2022-11-26 16:01:46.665] [jointLog] [info] wrote 24 bootstraps
[2022-11-26 16:04:00.235] [jointLog] [info] wrote 25 bootstraps
[2022-11-26 16:04:21.712] [jointLog] [info] wrote 26 bootstraps
[2022-11-26 16:04:57.837] [jointLog] [info] wrote 27 bootstraps
[2022-11-26 16:06:51.548] [jointLog] [info] wrote 28 bootstraps
[2022-11-26 16:07:28.841] [jointLog] [info] wrote 29 bootstraps
[2022-11-26 16:07:51.212] [jointLog] [info] wrote 30 bootstraps
[2022-11-26 16:10:12.722] [jointLog] [info] wrote 31 bootstraps
[2022-11-26 16:10:40.217] [jointLog] [info] wrote 32 bootstraps
[2022-11-26 16:10:43.830] [jointLog] [info] wrote 33 bootstraps
[2022-11-26 16:13:07.093] [jointLog] [info] wrote 34 bootstraps
[2022-11-26 16:13:27.380] [jointLog] [info] wrote 35 bootstraps
[2022-11-26 16:13:40.480] [jointLog] [info] wrote 36 bootstraps
[2022-11-26 16:16:02.266] [jointLog] [info] wrote 37 bootstraps
[2022-11-26 16:16:24.101] [jointLog] [info] wrote 38 bootstraps
[2022-11-26 16:16:40.516] [jointLog] [info] wrote 39 bootstraps
[2022-11-26 16:18:39.251] [jointLog] [info] wrote 40 bootstraps
[2022-11-26 16:19:03.220] [jointLog] [info] wrote 41 bootstraps
[2022-11-26 16:19:21.567] [jointLog] [info] wrote 42 bootstraps
[2022-11-26 16:21:43.933] [jointLog] [info] wrote 43 bootstraps
[2022-11-26 16:22:12.655] [jointLog] [info] wrote 44 bootstraps
[2022-11-26 16:22:31.942] [jointLog] [info] wrote 45 bootstraps
[2022-11-26 16:24:48.940] [jointLog] [info] wrote 46 bootstraps
[2022-11-26 16:24:55.289] [jointLog] [info] wrote 47 bootstraps
[2022-11-26 16:24:55.865] [jointLog] [info] wrote 48 bootstraps
[2022-11-26 16:27:50.761] [jointLog] [info] wrote 49 bootstraps
[2022-11-26 16:27:50.906] [jointLog] [info] wrote 50 bootstraps
[2022-11-26 16:27:50.979] [jointLog] [info] Finished Bootstrapping
[2022-11-26 16:27:51.521] [jointLog] [info] Computing gene-level abundance estimates
[2022-11-26 16:29:22.250] [jointLog] [info] There were 246624 transcripts mapping to 61544 genes
[2022-11-26 16:29:22.267] [jointLog] [info] NOTE: We recommend using tximport (https://bioconductor.org/packages/release/bioc/html/tximport.html) for aggregating transcript-level salmon abundance estimates to the gene level.  It is more versatile, exposes more features, and allows considering multi-sample information during aggregation.
[2022-11-26 16:29:23.370] [jointLog] [info] Aggregating expressions to gene level
[2022-11-26 16:29:24.950] [jointLog] [info] done
