[2022-06-23 15:34:20.558] [jointLog] [info] setting maxHashResizeThreads to 4
[2022-06-23 15:34:20.558] [jointLog] [info] Fragment incompatibility prior below threshold.  Incompatible fragments will be ignored.
[2022-06-23 15:34:20.558] [jointLog] [info] Usage of --validateMappings implies use of minScoreFraction. Since not explicitly specified, it is being set to 0.65
[2022-06-23 15:34:20.558] [jointLog] [info] Setting consensusSlack to selective-alignment default of 0.35.
[2022-06-23 15:34:20.558] [jointLog] [info] parsing read library format
[2022-06-23 15:34:20.558] [jointLog] [info] There is 1 library.
[2022-06-23 15:34:20.574] [jointLog] [info] Loading pufferfish index
[2022-06-23 15:34:20.581] [jointLog] [info] Loading dense pufferfish index.
[2022-06-23 15:37:03.837] [jointLog] [info] done
[2022-06-23 15:37:03.946] [jointLog] [info] Index contained 245,455 targets
[2022-06-23 15:37:08.879] [jointLog] [info] Number of decoys : 194
[2022-06-23 15:37:08.879] [jointLog] [info] First decoy index : 245,220 
[2022-06-23 15:37:11.308] [jointLog] [info] Automatically detected most likely library type as ISF

[2022-06-23 15:54:12.320] [jointLog] [info] Thread saw mini-batch with a maximum of 3.48% zero probability fragments
[2022-06-23 15:54:12.346] [jointLog] [info] Thread saw mini-batch with a maximum of 3.38% zero probability fragments
[2022-06-23 15:54:12.635] [jointLog] [info] Thread saw mini-batch with a maximum of 3.40% zero probability fragments
[2022-06-23 15:54:12.755] [jointLog] [info] Thread saw mini-batch with a maximum of 3.56% zero probability fragments
[2022-06-23 15:54:13.523] [jointLog] [info] Computed 491,251 rich equivalence classes for further processing
[2022-06-23 15:54:13.523] [jointLog] [info] Counted 35,012,144 total reads in the equivalence classes 
[2022-06-23 15:54:13.546] [jointLog] [warning] 0.00140503% of fragments were shorter than the k used to build the index.
If this fraction is too large, consider re-building the index with a smaller k.
The minimum read size found was 15.


[2022-06-23 15:54:13.546] [jointLog] [info] Number of mappings discarded because of alignment score : 21,869,807
[2022-06-23 15:54:13.546] [jointLog] [info] Number of fragments entirely discarded because of alignment score : 1,535,436
[2022-06-23 15:54:13.546] [jointLog] [info] Number of fragments discarded because they are best-mapped to decoys : 1,069,466
[2022-06-23 15:54:13.546] [jointLog] [info] Number of fragments discarded because they have only dovetail (discordant) mappings to valid targets : 149,419
[2022-06-23 15:54:13.546] [jointLog] [info] Mapping rate = 87.5319%

[2022-06-23 15:54:13.546] [jointLog] [info] finished quantifyLibrary()
[2022-06-23 15:54:13.550] [jointLog] [info] Starting optimizer
[2022-06-23 15:54:13.524] [fileLog] [info] 
At end of round 0
==================
Observed 39999285 total fragments (39999285 in most recent round)

[2022-06-23 15:54:39.105] [jointLog] [info] Marked 0 weighted equivalence classes as degenerate
[2022-06-23 15:54:39.164] [jointLog] [info] iteration = 0 | max rel diff. = 4242.17
[2022-06-23 15:54:39.701] [jointLog] [info] iteration 11, adjusting effective lengths to account for biases
[2022-06-23 15:58:42.053] [jointLog] [info] Computed expected counts (for bias correction)
[2022-06-23 15:58:42.054] [jointLog] [info] processed bias for 0.0% of the transcripts
[2022-06-23 15:59:05.700] [jointLog] [info] processed bias for 10.0% of the transcripts
[2022-06-23 15:59:27.234] [jointLog] [info] processed bias for 20.0% of the transcripts
[2022-06-23 15:59:48.356] [jointLog] [info] processed bias for 30.0% of the transcripts
[2022-06-23 16:00:08.842] [jointLog] [info] processed bias for 40.0% of the transcripts
[2022-06-23 16:00:28.333] [jointLog] [info] processed bias for 50.0% of the transcripts
[2022-06-23 16:00:48.825] [jointLog] [info] processed bias for 60.0% of the transcripts
[2022-06-23 16:01:07.833] [jointLog] [info] processed bias for 70.1% of the transcripts
[2022-06-23 16:01:26.666] [jointLog] [info] processed bias for 80.0% of the transcripts
[2022-06-23 16:01:47.687] [jointLog] [info] processed bias for 90.0% of the transcripts
[2022-06-23 16:02:08.476] [jointLog] [info] processed bias for 100.0% of the transcripts
[2022-06-23 16:02:12.673] [jointLog] [info] iteration = 100 | max rel diff. = 19.4704
[2022-06-23 16:02:17.323] [jointLog] [info] iteration = 200 | max rel diff. = 13.2027
[2022-06-23 16:02:21.971] [jointLog] [info] iteration = 300 | max rel diff. = 3.05478
[2022-06-23 16:02:26.771] [jointLog] [info] iteration = 400 | max rel diff. = 4.51078
[2022-06-23 16:02:31.526] [jointLog] [info] iteration = 500 | max rel diff. = 0.640395
[2022-06-23 16:02:36.185] [jointLog] [info] iteration = 600 | max rel diff. = 0.746351
[2022-06-23 16:02:41.180] [jointLog] [info] iteration = 700 | max rel diff. = 0.363176
[2022-06-23 16:02:46.156] [jointLog] [info] iteration = 800 | max rel diff. = 0.239093
[2022-06-23 16:02:51.278] [jointLog] [info] iteration = 900 | max rel diff. = 20.3104
[2022-06-23 16:02:56.144] [jointLog] [info] iteration = 1,000 | max rel diff. = 0.0823118
[2022-06-23 16:03:01.184] [jointLog] [info] iteration = 1,100 | max rel diff. = 1.47991
[2022-06-23 16:03:05.744] [jointLog] [info] iteration = 1,200 | max rel diff. = 0.101604
[2022-06-23 16:03:10.457] [jointLog] [info] iteration = 1,300 | max rel diff. = 0.0137708
[2022-06-23 16:03:15.119] [jointLog] [info] iteration = 1,400 | max rel diff. = 2.01341
[2022-06-23 16:03:19.932] [jointLog] [info] iteration = 1,500 | max rel diff. = 6.59255
[2022-06-23 16:03:24.862] [jointLog] [info] iteration = 1,600 | max rel diff. = 0.0183174
[2022-06-23 16:03:29.788] [jointLog] [info] iteration = 1,700 | max rel diff. = 0.0971661
[2022-06-23 16:03:34.418] [jointLog] [info] iteration = 1,800 | max rel diff. = 0.225015
[2022-06-23 16:03:39.183] [jointLog] [info] iteration = 1,900 | max rel diff. = 0.722039
[2022-06-23 16:03:39.451] [jointLog] [info] iteration = 1,906 | max rel diff. = 0.00559995
[2022-06-23 16:03:39.507] [jointLog] [info] Finished optimizer
[2022-06-23 16:03:39.507] [jointLog] [info] writing output 

