[2022-11-26 09:09:04.118] [jointLog] [info] setting maxHashResizeThreads to 4
[2022-11-26 09:09:04.118] [jointLog] [info] Fragment incompatibility prior below threshold.  Incompatible fragments will be ignored.
[2022-11-26 09:09:04.118] [jointLog] [info] Usage of --validateMappings implies use of minScoreFraction. Since not explicitly specified, it is being set to 0.65
[2022-11-26 09:09:04.118] [jointLog] [info] Setting consensusSlack to selective-alignment default of 0.35.
[2022-11-26 09:09:04.118] [jointLog] [info] parsing read library format
[2022-11-26 09:09:04.118] [jointLog] [info] There is 1 library.
[2022-11-26 09:09:06.884] [jointLog] [info] Loading pufferfish index
[2022-11-26 09:09:07.501] [jointLog] [info] Loading dense pufferfish index.
[2022-11-26 10:32:53.465] [jointLog] [info] done
[2022-11-26 10:32:54.913] [jointLog] [info] Index contained 245,455 targets
[2022-11-26 10:33:00.254] [jointLog] [info] Number of decoys : 194
[2022-11-26 10:33:00.254] [jointLog] [info] First decoy index : 245,220 
[2022-11-26 10:33:45.085] [jointLog] [info] Automatically detected most likely library type as ISF

[2022-11-26 11:23:11.685] [jointLog] [info] Thread saw mini-batch with a maximum of 1.66% zero probability fragments
[2022-11-26 11:23:11.685] [jointLog] [info] Thread saw mini-batch with a maximum of 1.60% zero probability fragments
[2022-11-26 11:23:11.685] [jointLog] [info] Thread saw mini-batch with a maximum of 1.66% zero probability fragments
[2022-11-26 11:23:11.807] [jointLog] [info] Thread saw mini-batch with a maximum of 1.62% zero probability fragments
[2022-11-26 11:23:12.704] [fileLog] [info] 
At end of round 0
==================
Observed 71599237 total fragments (71599237 in most recent round)

[2022-11-26 11:23:12.703] [jointLog] [info] Computed 552,507 rich equivalence classes for further processing
[2022-11-26 11:23:12.704] [jointLog] [info] Counted 61,054,805 total reads in the equivalence classes 
[2022-11-26 11:23:12.709] [jointLog] [warning] 0.00913278% of fragments were shorter than the k used to build the index.
If this fraction is too large, consider re-building the index with a smaller k.
The minimum read size found was 15.


[2022-11-26 11:23:12.709] [jointLog] [info] Number of mappings discarded because of alignment score : 43,763,341
[2022-11-26 11:23:12.709] [jointLog] [info] Number of fragments entirely discarded because of alignment score : 3,870,245
[2022-11-26 11:23:12.709] [jointLog] [info] Number of fragments discarded because they are best-mapped to decoys : 2,057,555
[2022-11-26 11:23:12.709] [jointLog] [info] Number of fragments discarded because they have only dovetail (discordant) mappings to valid targets : 883,632
[2022-11-26 11:23:12.709] [jointLog] [info] Mapping rate = 85.273%

[2022-11-26 11:23:12.709] [jointLog] [info] finished quantifyLibrary()
[2022-11-26 11:23:13.746] [jointLog] [info] Starting optimizer
[2022-11-26 11:23:15.217] [jointLog] [info] Marked 0 weighted equivalence classes as degenerate
[2022-11-26 11:23:15.280] [jointLog] [info] iteration = 0 | max rel diff. = 31.9687
[2022-11-26 11:23:15.852] [jointLog] [info] iteration 11, adjusting effective lengths to account for biases
[2022-11-26 11:26:20.731] [jointLog] [info] Computed expected counts (for bias correction)
[2022-11-26 11:26:20.731] [jointLog] [info] processed bias for 0.0% of the transcripts
[2022-11-26 11:26:36.500] [jointLog] [info] processed bias for 10.0% of the transcripts
[2022-11-26 11:26:51.075] [jointLog] [info] processed bias for 20.0% of the transcripts
[2022-11-26 11:27:06.223] [jointLog] [info] processed bias for 30.0% of the transcripts
[2022-11-26 11:27:20.712] [jointLog] [info] processed bias for 40.0% of the transcripts
[2022-11-26 11:27:35.557] [jointLog] [info] processed bias for 50.0% of the transcripts
[2022-11-26 11:27:49.246] [jointLog] [info] processed bias for 60.0% of the transcripts
[2022-11-26 11:28:03.802] [jointLog] [info] processed bias for 70.0% of the transcripts
[2022-11-26 11:28:18.185] [jointLog] [info] processed bias for 80.0% of the transcripts
[2022-11-26 11:28:31.740] [jointLog] [info] processed bias for 90.0% of the transcripts
[2022-11-26 11:28:45.807] [jointLog] [info] processed bias for 100.0% of the transcripts
[2022-11-26 11:28:51.215] [jointLog] [info] iteration = 100 | max rel diff. = 20.6668
[2022-11-26 11:28:56.960] [jointLog] [info] iteration = 200 | max rel diff. = 8.07918
[2022-11-26 11:29:02.495] [jointLog] [info] iteration = 300 | max rel diff. = 2.72554
[2022-11-26 11:29:08.087] [jointLog] [info] iteration = 400 | max rel diff. = 1.21543
[2022-11-26 11:29:13.720] [jointLog] [info] iteration = 500 | max rel diff. = 0.285329
[2022-11-26 11:29:19.375] [jointLog] [info] iteration = 600 | max rel diff. = 0.595598
[2022-11-26 11:29:25.027] [jointLog] [info] iteration = 700 | max rel diff. = 0.325245
[2022-11-26 11:29:30.720] [jointLog] [info] iteration = 800 | max rel diff. = 0.752019
[2022-11-26 11:29:36.373] [jointLog] [info] iteration = 900 | max rel diff. = 0.179032
[2022-11-26 11:29:42.023] [jointLog] [info] iteration = 1,000 | max rel diff. = 3.63509
[2022-11-26 11:29:47.740] [jointLog] [info] iteration = 1,100 | max rel diff. = 0.227663
[2022-11-26 11:29:53.616] [jointLog] [info] iteration = 1,200 | max rel diff. = 0.652354
[2022-11-26 11:29:59.547] [jointLog] [info] iteration = 1,300 | max rel diff. = 0.134807
[2022-11-26 11:30:05.645] [jointLog] [info] iteration = 1,400 | max rel diff. = 0.119121
[2022-11-26 11:30:11.437] [jointLog] [info] iteration = 1,500 | max rel diff. = 0.24339
[2022-11-26 11:30:17.237] [jointLog] [info] iteration = 1,600 | max rel diff. = 0.271514
[2022-11-26 11:30:23.059] [jointLog] [info] iteration = 1,700 | max rel diff. = 0.0469255
[2022-11-26 11:30:28.846] [jointLog] [info] iteration = 1,800 | max rel diff. = 0.0176405
[2022-11-26 11:30:34.692] [jointLog] [info] iteration = 1,900 | max rel diff. = 0.871912
[2022-11-26 11:30:40.521] [jointLog] [info] iteration = 2,000 | max rel diff. = 0.0256792
[2022-11-26 11:30:46.268] [jointLog] [info] iteration = 2,100 | max rel diff. = 0.0380418
[2022-11-26 11:30:52.114] [jointLog] [info] iteration = 2,200 | max rel diff. = 0.045832
[2022-11-26 11:30:58.013] [jointLog] [info] iteration = 2,300 | max rel diff. = 0.0451418
[2022-11-26 11:31:03.961] [jointLog] [info] iteration = 2,400 | max rel diff. = 2.18347
[2022-11-26 11:31:05.521] [jointLog] [info] iteration = 2,427 | max rel diff. = 0.00664777
[2022-11-26 11:31:05.588] [jointLog] [info] Finished optimizer
[2022-11-26 11:31:05.588] [jointLog] [info] writing output 

[2022-11-26 11:31:08.640] [jointLog] [info] Starting Bootstrapping
[2022-11-26 11:31:08.906] [jointLog] [info] Will draw 50 bootstrap samples
[2022-11-26 11:31:08.906] [jointLog] [info] Optimizing over 552,507 equivalence classes
[2022-11-26 11:31:08.983] [jointLog] [info] Marked 0 weighted equivalence classes as degenerate
[2022-11-26 11:33:54.328] [jointLog] [info] wrote 1 bootstraps
[2022-11-26 11:34:15.854] [jointLog] [info] wrote 2 bootstraps
[2022-11-26 11:34:17.362] [jointLog] [info] wrote 3 bootstraps
[2022-11-26 11:37:02.567] [jointLog] [info] wrote 4 bootstraps
[2022-11-26 11:37:46.903] [jointLog] [info] wrote 5 bootstraps
[2022-11-26 11:38:26.793] [jointLog] [info] wrote 6 bootstraps
[2022-11-26 11:39:52.400] [jointLog] [info] wrote 7 bootstraps
[2022-11-26 11:40:27.473] [jointLog] [info] wrote 8 bootstraps
[2022-11-26 11:41:53.240] [jointLog] [info] wrote 9 bootstraps
[2022-11-26 11:43:11.871] [jointLog] [info] wrote 10 bootstraps
[2022-11-26 11:43:48.852] [jointLog] [info] wrote 11 bootstraps
[2022-11-26 11:45:54.314] [jointLog] [info] wrote 12 bootstraps
[2022-11-26 11:46:48.886] [jointLog] [info] wrote 13 bootstraps
[2022-11-26 11:47:05.985] [jointLog] [info] wrote 14 bootstraps
[2022-11-26 11:48:40.237] [jointLog] [info] wrote 15 bootstraps
[2022-11-26 11:50:13.892] [jointLog] [info] wrote 16 bootstraps
[2022-11-26 11:50:20.874] [jointLog] [info] wrote 17 bootstraps
[2022-11-26 11:51:27.198] [jointLog] [info] wrote 18 bootstraps
[2022-11-26 11:53:10.277] [jointLog] [info] wrote 19 bootstraps
[2022-11-26 11:53:30.199] [jointLog] [info] wrote 20 bootstraps
[2022-11-26 11:54:32.245] [jointLog] [info] wrote 21 bootstraps
[2022-11-26 11:56:22.489] [jointLog] [info] wrote 22 bootstraps
[2022-11-26 11:57:14.709] [jointLog] [info] wrote 23 bootstraps
[2022-11-26 11:57:32.706] [jointLog] [info] wrote 24 bootstraps
[2022-11-26 11:59:56.318] [jointLog] [info] wrote 25 bootstraps
[2022-11-26 12:00:17.848] [jointLog] [info] wrote 26 bootstraps
[2022-11-26 12:00:30.797] [jointLog] [info] wrote 27 bootstraps
[2022-11-26 12:03:31.066] [jointLog] [info] wrote 28 bootstraps
[2022-11-26 12:03:38.109] [jointLog] [info] wrote 29 bootstraps
[2022-11-26 12:03:47.762] [jointLog] [info] wrote 30 bootstraps
[2022-11-26 12:06:35.491] [jointLog] [info] wrote 31 bootstraps
[2022-11-26 12:06:41.251] [jointLog] [info] wrote 32 bootstraps
[2022-11-26 12:07:05.748] [jointLog] [info] wrote 33 bootstraps
[2022-11-26 12:09:41.699] [jointLog] [info] wrote 34 bootstraps
[2022-11-26 12:09:45.937] [jointLog] [info] wrote 35 bootstraps
[2022-11-26 12:10:01.158] [jointLog] [info] wrote 36 bootstraps
[2022-11-26 12:12:41.532] [jointLog] [info] wrote 37 bootstraps
[2022-11-26 12:13:06.834] [jointLog] [info] wrote 38 bootstraps
[2022-11-26 12:13:15.817] [jointLog] [info] wrote 39 bootstraps
[2022-11-26 12:15:39.855] [jointLog] [info] wrote 40 bootstraps
[2022-11-26 12:16:11.805] [jointLog] [info] wrote 41 bootstraps
[2022-11-26 12:16:51.415] [jointLog] [info] wrote 42 bootstraps
[2022-11-26 12:19:19.425] [jointLog] [info] wrote 43 bootstraps
[2022-11-26 12:19:20.592] [jointLog] [info] wrote 44 bootstraps
[2022-11-26 12:19:41.731] [jointLog] [info] wrote 45 bootstraps
[2022-11-26 12:22:17.284] [jointLog] [info] wrote 46 bootstraps
[2022-11-26 12:22:26.072] [jointLog] [info] wrote 47 bootstraps
[2022-11-26 12:22:38.605] [jointLog] [info] wrote 48 bootstraps
[2022-11-26 12:25:26.813] [jointLog] [info] wrote 49 bootstraps
[2022-11-26 12:26:20.019] [jointLog] [info] wrote 50 bootstraps
[2022-11-26 12:26:20.092] [jointLog] [info] Finished Bootstrapping
[2022-11-26 12:26:20.092] [jointLog] [info] Computing gene-level abundance estimates
[2022-11-26 12:44:31.521] [jointLog] [info] There were 246624 transcripts mapping to 61544 genes
[2022-11-26 12:44:33.566] [jointLog] [info] NOTE: We recommend using tximport (https://bioconductor.org/packages/release/bioc/html/tximport.html) for aggregating transcript-level salmon abundance estimates to the gene level.  It is more versatile, exposes more features, and allows considering multi-sample information during aggregation.
[2022-11-26 12:44:41.478] [jointLog] [info] Aggregating expressions to gene level
[2022-11-26 12:44:44.003] [jointLog] [info] done
