[2022-11-26 09:37:42.810] [jointLog] [info] setting maxHashResizeThreads to 4
[2022-11-26 09:37:42.810] [jointLog] [info] Fragment incompatibility prior below threshold.  Incompatible fragments will be ignored.
[2022-11-26 09:37:42.810] [jointLog] [info] Usage of --validateMappings implies use of minScoreFraction. Since not explicitly specified, it is being set to 0.65
[2022-11-26 09:37:42.810] [jointLog] [info] Setting consensusSlack to selective-alignment default of 0.35.
[2022-11-26 09:37:42.810] [jointLog] [info] parsing read library format
[2022-11-26 09:37:42.810] [jointLog] [info] There is 1 library.
[2022-11-26 09:37:58.132] [jointLog] [info] Loading pufferfish index
[2022-11-26 09:38:01.322] [jointLog] [info] Loading dense pufferfish index.
[2022-11-26 15:21:06.404] [jointLog] [info] done
[2022-11-26 15:21:06.404] [jointLog] [info] Index contained 245,455 targets
[2022-11-26 15:21:11.212] [jointLog] [info] Number of decoys : 194
[2022-11-26 15:21:11.212] [jointLog] [info] First decoy index : 245,220 
[2022-11-26 15:21:12.475] [jointLog] [info] Automatically detected most likely library type as ISF

[2022-11-26 16:01:20.203] [jointLog] [info] Thread saw mini-batch with a maximum of 1.54% zero probability fragments
[2022-11-26 16:01:20.305] [jointLog] [info] Thread saw mini-batch with a maximum of 1.58% zero probability fragments
[2022-11-26 16:01:20.553] [jointLog] [info] Thread saw mini-batch with a maximum of 1.66% zero probability fragments
[2022-11-26 16:01:20.902] [jointLog] [info] Thread saw mini-batch with a maximum of 1.72% zero probability fragments
[2022-11-26 16:01:21.442] [jointLog] [info] Computed 551,187 rich equivalence classes for further processing
[2022-11-26 16:01:21.442] [jointLog] [info] Counted 58,977,331 total reads in the equivalence classes 
[2022-11-26 16:01:21.446] [jointLog] [warning] 0.00468244% of fragments were shorter than the k used to build the index.
If this fraction is too large, consider re-building the index with a smaller k.
The minimum read size found was 15.


[2022-11-26 16:01:21.446] [jointLog] [info] Number of mappings discarded because of alignment score : 42,241,173
[2022-11-26 16:01:21.446] [jointLog] [info] Number of fragments entirely discarded because of alignment score : 4,110,491
[2022-11-26 16:01:21.446] [jointLog] [info] Number of fragments discarded because they are best-mapped to decoys : 2,332,550
[2022-11-26 16:01:21.446] [jointLog] [info] Number of fragments discarded because they have only dovetail (discordant) mappings to valid targets : 837,394
[2022-11-26 16:01:21.446] [jointLog] [info] Mapping rate = 83.9385%

[2022-11-26 16:01:21.446] [jointLog] [info] finished quantifyLibrary()
[2022-11-26 16:01:21.510] [jointLog] [info] Starting optimizer
[2022-11-26 16:01:21.443] [fileLog] [info] 
At end of round 0
==================
Observed 70262529 total fragments (70262529 in most recent round)

[2022-11-26 16:01:22.087] [jointLog] [info] Marked 0 weighted equivalence classes as degenerate
[2022-11-26 16:01:22.204] [jointLog] [info] iteration = 0 | max rel diff. = 49.4977
[2022-11-26 16:01:22.883] [jointLog] [info] iteration 11, adjusting effective lengths to account for biases
[2022-11-26 16:03:40.433] [jointLog] [info] Computed expected counts (for bias correction)
[2022-11-26 16:03:40.433] [jointLog] [info] processed bias for 0.0% of the transcripts
[2022-11-26 16:03:56.444] [jointLog] [info] processed bias for 10.0% of the transcripts
[2022-11-26 16:04:10.683] [jointLog] [info] processed bias for 20.0% of the transcripts
[2022-11-26 16:04:25.926] [jointLog] [info] processed bias for 30.0% of the transcripts
[2022-11-26 16:04:40.768] [jointLog] [info] processed bias for 40.0% of the transcripts
[2022-11-26 16:04:56.402] [jointLog] [info] processed bias for 50.0% of the transcripts
[2022-11-26 16:05:11.404] [jointLog] [info] processed bias for 60.0% of the transcripts
[2022-11-26 16:05:25.387] [jointLog] [info] processed bias for 70.0% of the transcripts
[2022-11-26 16:05:39.470] [jointLog] [info] processed bias for 80.0% of the transcripts
[2022-11-26 16:05:53.651] [jointLog] [info] processed bias for 90.0% of the transcripts
[2022-11-26 16:06:08.931] [jointLog] [info] processed bias for 100.0% of the transcripts
[2022-11-26 16:06:14.982] [jointLog] [info] iteration = 100 | max rel diff. = 17.4937
[2022-11-26 16:06:21.834] [jointLog] [info] iteration = 200 | max rel diff. = 13.0483
[2022-11-26 16:06:28.667] [jointLog] [info] iteration = 300 | max rel diff. = 16.713
[2022-11-26 16:06:35.917] [jointLog] [info] iteration = 400 | max rel diff. = 9.9443
[2022-11-26 16:06:42.718] [jointLog] [info] iteration = 500 | max rel diff. = 1.26709
[2022-11-26 16:06:49.636] [jointLog] [info] iteration = 600 | max rel diff. = 0.30493
[2022-11-26 16:06:56.709] [jointLog] [info] iteration = 700 | max rel diff. = 2.83345
[2022-11-26 16:07:03.645] [jointLog] [info] iteration = 800 | max rel diff. = 2.35599
[2022-11-26 16:07:10.451] [jointLog] [info] iteration = 900 | max rel diff. = 0.923206
[2022-11-26 16:07:17.358] [jointLog] [info] iteration = 1,000 | max rel diff. = 0.467201
[2022-11-26 16:07:24.657] [jointLog] [info] iteration = 1,100 | max rel diff. = 0.666459
[2022-11-26 16:07:32.005] [jointLog] [info] iteration = 1,200 | max rel diff. = 0.369781
[2022-11-26 16:07:39.138] [jointLog] [info] iteration = 1,300 | max rel diff. = 2.19027
[2022-11-26 16:07:45.776] [jointLog] [info] iteration = 1,400 | max rel diff. = 0.288606
[2022-11-26 16:07:52.635] [jointLog] [info] iteration = 1,500 | max rel diff. = 0.809854
[2022-11-26 16:07:59.080] [jointLog] [info] iteration = 1,600 | max rel diff. = 0.314754
[2022-11-26 16:07:59.281] [jointLog] [info] iteration = 1,605 | max rel diff. = 0.00949782
[2022-11-26 16:07:59.421] [jointLog] [info] Finished optimizer
[2022-11-26 16:07:59.421] [jointLog] [info] writing output 

[2022-11-26 16:08:00.446] [jointLog] [info] Starting Bootstrapping
[2022-11-26 16:08:00.635] [jointLog] [info] Will draw 50 bootstrap samples
[2022-11-26 16:08:00.635] [jointLog] [info] Optimizing over 551,187 equivalence classes
[2022-11-26 16:08:00.695] [jointLog] [info] Marked 0 weighted equivalence classes as degenerate
[2022-11-26 16:11:19.888] [jointLog] [info] wrote 1 bootstraps
[2022-11-26 16:12:25.522] [jointLog] [info] wrote 2 bootstraps
[2022-11-26 16:12:56.880] [jointLog] [info] wrote 3 bootstraps
[2022-11-26 16:15:20.687] [jointLog] [info] wrote 4 bootstraps
[2022-11-26 16:16:34.401] [jointLog] [info] wrote 5 bootstraps
[2022-11-26 16:17:16.959] [jointLog] [info] wrote 6 bootstraps
[2022-11-26 16:20:07.229] [jointLog] [info] wrote 7 bootstraps
[2022-11-26 16:20:30.960] [jointLog] [info] wrote 8 bootstraps
[2022-11-26 16:20:55.524] [jointLog] [info] wrote 9 bootstraps
[2022-11-26 16:24:00.556] [jointLog] [info] wrote 10 bootstraps
[2022-11-26 16:24:28.955] [jointLog] [info] wrote 11 bootstraps
[2022-11-26 16:24:51.831] [jointLog] [info] wrote 12 bootstraps
[2022-11-26 16:28:01.545] [jointLog] [info] wrote 13 bootstraps
[2022-11-26 16:29:00.697] [jointLog] [info] wrote 14 bootstraps
[2022-11-26 16:29:08.128] [jointLog] [info] wrote 15 bootstraps
[2022-11-26 16:31:52.206] [jointLog] [info] wrote 16 bootstraps
[2022-11-26 16:32:46.336] [jointLog] [info] wrote 17 bootstraps
[2022-11-26 16:33:17.963] [jointLog] [info] wrote 18 bootstraps
[2022-11-26 16:36:33.311] [jointLog] [info] wrote 19 bootstraps
[2022-11-26 16:36:34.054] [jointLog] [info] wrote 20 bootstraps
[2022-11-26 16:37:13.812] [jointLog] [info] wrote 21 bootstraps
[2022-11-26 16:40:04.367] [jointLog] [info] wrote 22 bootstraps
[2022-11-26 16:40:19.688] [jointLog] [info] wrote 23 bootstraps
[2022-11-26 16:42:13.670] [jointLog] [info] wrote 24 bootstraps
[2022-11-26 16:44:28.137] [jointLog] [info] wrote 25 bootstraps
[2022-11-26 16:45:03.118] [jointLog] [info] wrote 26 bootstraps
[2022-11-26 16:46:29.396] [jointLog] [info] wrote 27 bootstraps
[2022-11-26 16:48:49.638] [jointLog] [info] wrote 28 bootstraps
[2022-11-26 16:48:51.018] [jointLog] [info] wrote 29 bootstraps
[2022-11-26 16:50:43.040] [jointLog] [info] wrote 30 bootstraps
[2022-11-26 16:52:35.669] [jointLog] [info] wrote 31 bootstraps
[2022-11-26 16:53:14.741] [jointLog] [info] wrote 32 bootstraps
[2022-11-26 16:53:51.554] [jointLog] [info] wrote 33 bootstraps
[2022-11-26 16:55:37.037] [jointLog] [info] wrote 34 bootstraps
[2022-11-26 16:56:54.963] [jointLog] [info] wrote 35 bootstraps
[2022-11-26 16:57:42.239] [jointLog] [info] wrote 36 bootstraps
[2022-11-26 16:59:19.844] [jointLog] [info] wrote 37 bootstraps
[2022-11-26 17:01:00.024] [jointLog] [info] wrote 38 bootstraps
[2022-11-26 17:01:23.020] [jointLog] [info] wrote 39 bootstraps
[2022-11-26 17:03:10.924] [jointLog] [info] wrote 40 bootstraps
[2022-11-26 17:05:01.810] [jointLog] [info] wrote 41 bootstraps
[2022-11-26 17:05:32.569] [jointLog] [info] wrote 42 bootstraps
[2022-11-26 17:07:13.321] [jointLog] [info] wrote 43 bootstraps
[2022-11-26 17:08:39.669] [jointLog] [info] wrote 44 bootstraps
[2022-11-26 17:09:29.700] [jointLog] [info] wrote 45 bootstraps
[2022-11-26 17:11:38.280] [jointLog] [info] wrote 46 bootstraps
[2022-11-26 17:11:45.560] [jointLog] [info] wrote 47 bootstraps
[2022-11-26 17:13:08.523] [jointLog] [info] wrote 48 bootstraps
[2022-11-26 17:15:16.662] [jointLog] [info] wrote 49 bootstraps
[2022-11-26 17:16:04.504] [jointLog] [info] wrote 50 bootstraps
[2022-11-26 17:16:04.540] [jointLog] [info] Finished Bootstrapping
[2022-11-26 17:16:04.540] [jointLog] [info] Computing gene-level abundance estimates
[2022-11-26 17:17:37.956] [jointLog] [info] There were 246624 transcripts mapping to 61544 genes
[2022-11-26 17:17:38.145] [jointLog] [info] NOTE: We recommend using tximport (https://bioconductor.org/packages/release/bioc/html/tximport.html) for aggregating transcript-level salmon abundance estimates to the gene level.  It is more versatile, exposes more features, and allows considering multi-sample information during aggregation.
[2022-11-26 17:17:38.910] [jointLog] [info] Aggregating expressions to gene level
[2022-11-26 17:17:39.135] [jointLog] [info] done
