[2022-11-26 17:49:20.332] [jointLog] [info] setting maxHashResizeThreads to 4
[2022-11-26 17:49:20.332] [jointLog] [info] Fragment incompatibility prior below threshold.  Incompatible fragments will be ignored.
[2022-11-26 17:49:20.332] [jointLog] [info] Usage of --validateMappings implies use of minScoreFraction. Since not explicitly specified, it is being set to 0.65
[2022-11-26 17:49:20.332] [jointLog] [info] Setting consensusSlack to selective-alignment default of 0.35.
[2022-11-26 17:49:20.332] [jointLog] [info] parsing read library format
[2022-11-26 17:49:20.333] [jointLog] [info] There is 1 library.
[2022-11-26 17:49:20.582] [jointLog] [info] Loading pufferfish index
[2022-11-26 17:49:20.617] [jointLog] [info] Loading dense pufferfish index.
[2022-11-26 18:03:49.904] [jointLog] [info] done
[2022-11-26 18:03:49.904] [jointLog] [info] Index contained 245,455 targets
[2022-11-26 18:03:54.893] [jointLog] [info] Number of decoys : 194
[2022-11-26 18:03:54.893] [jointLog] [info] First decoy index : 245,220 
[2022-11-26 18:03:56.690] [jointLog] [info] Automatically detected most likely library type as ISF

[2022-11-26 18:43:40.040] [jointLog] [info] Thread saw mini-batch with a maximum of 1.80% zero probability fragments
[2022-11-26 18:43:40.206] [jointLog] [info] Thread saw mini-batch with a maximum of 1.78% zero probability fragments
[2022-11-26 18:43:40.216] [jointLog] [info] Thread saw mini-batch with a maximum of 1.76% zero probability fragments
[2022-11-26 18:43:40.240] [jointLog] [info] Thread saw mini-batch with a maximum of 1.78% zero probability fragments
[2022-11-26 18:43:40.934] [jointLog] [info] Computed 551,865 rich equivalence classes for further processing
[2022-11-26 18:43:40.934] [jointLog] [info] Counted 60,585,549 total reads in the equivalence classes 
[2022-11-26 18:43:40.980] [jointLog] [warning] 0.00676118% of fragments were shorter than the k used to build the index.
If this fraction is too large, consider re-building the index with a smaller k.
The minimum read size found was 15.


[2022-11-26 18:43:40.980] [jointLog] [info] Number of mappings discarded because of alignment score : 41,483,640
[2022-11-26 18:43:40.980] [jointLog] [info] Number of fragments entirely discarded because of alignment score : 3,322,380
[2022-11-26 18:43:40.980] [jointLog] [info] Number of fragments discarded because they are best-mapped to decoys : 1,659,412
[2022-11-26 18:43:40.980] [jointLog] [info] Number of fragments discarded because they have only dovetail (discordant) mappings to valid targets : 797,037
[2022-11-26 18:43:40.980] [jointLog] [info] Mapping rate = 87.6401%

[2022-11-26 18:43:40.980] [jointLog] [info] finished quantifyLibrary()
[2022-11-26 18:43:40.965] [fileLog] [info] 
At end of round 0
==================
Observed 69129929 total fragments (69129929 in most recent round)

[2022-11-26 18:43:42.747] [jointLog] [info] Starting optimizer
[2022-11-26 18:43:43.117] [jointLog] [info] Marked 0 weighted equivalence classes as degenerate
[2022-11-26 18:43:43.179] [jointLog] [info] iteration = 0 | max rel diff. = 53.9236
[2022-11-26 18:43:43.819] [jointLog] [info] iteration 11, adjusting effective lengths to account for biases
[2022-11-26 18:46:04.089] [jointLog] [info] Computed expected counts (for bias correction)
[2022-11-26 18:46:04.089] [jointLog] [info] processed bias for 0.0% of the transcripts
[2022-11-26 18:46:19.264] [jointLog] [info] processed bias for 10.0% of the transcripts
[2022-11-26 18:46:33.621] [jointLog] [info] processed bias for 20.0% of the transcripts
[2022-11-26 18:46:49.421] [jointLog] [info] processed bias for 30.0% of the transcripts
[2022-11-26 18:47:04.853] [jointLog] [info] processed bias for 40.0% of the transcripts
[2022-11-26 18:47:19.598] [jointLog] [info] processed bias for 50.0% of the transcripts
[2022-11-26 18:47:34.032] [jointLog] [info] processed bias for 60.0% of the transcripts
[2022-11-26 18:47:48.825] [jointLog] [info] processed bias for 70.0% of the transcripts
[2022-11-26 18:48:03.261] [jointLog] [info] processed bias for 80.0% of the transcripts
[2022-11-26 18:48:20.647] [jointLog] [info] processed bias for 90.0% of the transcripts
[2022-11-26 18:48:36.007] [jointLog] [info] processed bias for 100.0% of the transcripts
[2022-11-26 18:48:42.761] [jointLog] [info] iteration = 100 | max rel diff. = 19.0542
[2022-11-26 18:48:49.796] [jointLog] [info] iteration = 200 | max rel diff. = 12.1087
[2022-11-26 18:48:56.815] [jointLog] [info] iteration = 300 | max rel diff. = 0.762295
[2022-11-26 18:49:04.413] [jointLog] [info] iteration = 400 | max rel diff. = 2.49797
[2022-11-26 18:49:11.287] [jointLog] [info] iteration = 500 | max rel diff. = 1.27759
[2022-11-26 18:49:18.272] [jointLog] [info] iteration = 600 | max rel diff. = 18.5499
[2022-11-26 18:49:25.615] [jointLog] [info] iteration = 700 | max rel diff. = 5.92322
[2022-11-26 18:49:33.166] [jointLog] [info] iteration = 800 | max rel diff. = 5.65396
[2022-11-26 18:49:40.457] [jointLog] [info] iteration = 900 | max rel diff. = 0.257077
[2022-11-26 18:49:47.874] [jointLog] [info] iteration = 1,000 | max rel diff. = 0.224083
[2022-11-26 18:49:55.164] [jointLog] [info] iteration = 1,100 | max rel diff. = 0.266984
[2022-11-26 18:50:02.507] [jointLog] [info] iteration = 1,200 | max rel diff. = 0.296899
[2022-11-26 18:50:10.104] [jointLog] [info] iteration = 1,300 | max rel diff. = 1.46322
[2022-11-26 18:50:17.558] [jointLog] [info] iteration = 1,400 | max rel diff. = 0.816409
[2022-11-26 18:50:25.110] [jointLog] [info] iteration = 1,500 | max rel diff. = 0.190133
[2022-11-26 18:50:32.529] [jointLog] [info] iteration = 1,600 | max rel diff. = 1.05065
[2022-11-26 18:50:39.710] [jointLog] [info] iteration = 1,700 | max rel diff. = 0.104688
[2022-11-26 18:50:46.556] [jointLog] [info] iteration = 1,800 | max rel diff. = 0.0498219
[2022-11-26 18:50:54.118] [jointLog] [info] iteration = 1,900 | max rel diff. = 0.0186232
[2022-11-26 18:51:01.218] [jointLog] [info] iteration = 2,000 | max rel diff. = 0.792011
[2022-11-26 18:51:08.555] [jointLog] [info] iteration = 2,100 | max rel diff. = 0.203528
[2022-11-26 18:51:16.000] [jointLog] [info] iteration = 2,200 | max rel diff. = 0.0427631
[2022-11-26 18:51:23.048] [jointLog] [info] iteration = 2,300 | max rel diff. = 0.122104
[2022-11-26 18:51:23.911] [jointLog] [info] iteration = 2,310 | max rel diff. = 0.00568482
[2022-11-26 18:51:23.973] [jointLog] [info] Finished optimizer
[2022-11-26 18:51:23.973] [jointLog] [info] writing output 

[2022-11-26 18:51:24.861] [jointLog] [info] Starting Bootstrapping
[2022-11-26 18:51:25.447] [jointLog] [info] Will draw 50 bootstrap samples
[2022-11-26 18:51:25.447] [jointLog] [info] Optimizing over 551,865 equivalence classes
[2022-11-26 18:51:25.558] [jointLog] [info] Marked 0 weighted equivalence classes as degenerate
[2022-11-26 18:55:34.911] [jointLog] [info] wrote 1 bootstraps
[2022-11-26 18:55:40.477] [jointLog] [info] wrote 2 bootstraps
[2022-11-26 18:55:43.862] [jointLog] [info] wrote 3 bootstraps
[2022-11-26 18:59:38.844] [jointLog] [info] wrote 4 bootstraps
[2022-11-26 18:59:43.207] [jointLog] [info] wrote 5 bootstraps
[2022-11-26 18:59:49.077] [jointLog] [info] wrote 6 bootstraps
[2022-11-26 19:03:52.907] [jointLog] [info] wrote 7 bootstraps
[2022-11-26 19:04:40.968] [jointLog] [info] wrote 8 bootstraps
[2022-11-26 19:05:02.356] [jointLog] [info] wrote 9 bootstraps
[2022-11-26 19:08:27.045] [jointLog] [info] wrote 10 bootstraps
[2022-11-26 19:09:03.615] [jointLog] [info] wrote 11 bootstraps
[2022-11-26 19:09:33.725] [jointLog] [info] wrote 12 bootstraps
[2022-11-26 19:12:25.114] [jointLog] [info] wrote 13 bootstraps
[2022-11-26 19:12:59.990] [jointLog] [info] wrote 14 bootstraps
[2022-11-26 19:14:48.030] [jointLog] [info] wrote 15 bootstraps
[2022-11-26 19:17:06.382] [jointLog] [info] wrote 16 bootstraps
[2022-11-26 19:17:11.807] [jointLog] [info] wrote 17 bootstraps
[2022-11-26 19:19:25.160] [jointLog] [info] wrote 18 bootstraps
[2022-11-26 19:20:34.476] [jointLog] [info] wrote 19 bootstraps
[2022-11-26 19:21:21.677] [jointLog] [info] wrote 20 bootstraps
[2022-11-26 19:23:58.845] [jointLog] [info] wrote 21 bootstraps
[2022-11-26 19:24:34.094] [jointLog] [info] wrote 22 bootstraps
[2022-11-26 19:25:33.951] [jointLog] [info] wrote 23 bootstraps
[2022-11-26 19:27:52.781] [jointLog] [info] wrote 24 bootstraps
[2022-11-26 19:28:16.236] [jointLog] [info] wrote 25 bootstraps
[2022-11-26 19:29:40.493] [jointLog] [info] wrote 26 bootstraps
[2022-11-26 19:31:30.997] [jointLog] [info] wrote 27 bootstraps
[2022-11-26 19:31:57.899] [jointLog] [info] wrote 28 bootstraps
[2022-11-26 19:33:44.963] [jointLog] [info] wrote 29 bootstraps
[2022-11-26 19:35:59.662] [jointLog] [info] wrote 30 bootstraps
[2022-11-26 19:37:17.073] [jointLog] [info] wrote 31 bootstraps
[2022-11-26 19:38:05.542] [jointLog] [info] wrote 32 bootstraps
[2022-11-26 19:40:40.319] [jointLog] [info] wrote 33 bootstraps
[2022-11-26 19:41:35.397] [jointLog] [info] wrote 34 bootstraps
[2022-11-26 19:42:30.400] [jointLog] [info] wrote 35 bootstraps
[2022-11-26 19:45:01.875] [jointLog] [info] wrote 36 bootstraps
[2022-11-26 19:45:33.868] [jointLog] [info] wrote 37 bootstraps
[2022-11-26 19:46:06.931] [jointLog] [info] wrote 38 bootstraps
[2022-11-26 19:49:10.126] [jointLog] [info] wrote 39 bootstraps
[2022-11-26 19:49:48.465] [jointLog] [info] wrote 40 bootstraps
[2022-11-26 19:50:07.213] [jointLog] [info] wrote 41 bootstraps
[2022-11-26 19:53:13.127] [jointLog] [info] wrote 42 bootstraps
[2022-11-26 19:54:10.689] [jointLog] [info] wrote 43 bootstraps
[2022-11-26 19:54:10.825] [jointLog] [info] wrote 44 bootstraps
[2022-11-26 19:57:26.229] [jointLog] [info] wrote 45 bootstraps
[2022-11-26 19:58:19.374] [jointLog] [info] wrote 46 bootstraps
[2022-11-26 19:58:45.084] [jointLog] [info] wrote 47 bootstraps
[2022-11-26 20:01:24.008] [jointLog] [info] wrote 48 bootstraps
[2022-11-26 20:03:15.640] [jointLog] [info] wrote 49 bootstraps
[2022-11-26 20:03:31.223] [jointLog] [info] wrote 50 bootstraps
[2022-11-26 20:03:31.306] [jointLog] [info] Finished Bootstrapping
[2022-11-26 20:03:31.306] [jointLog] [info] Computing gene-level abundance estimates
[2022-11-26 20:05:26.582] [jointLog] [info] There were 246624 transcripts mapping to 61544 genes
[2022-11-26 20:05:27.161] [jointLog] [info] NOTE: We recommend using tximport (https://bioconductor.org/packages/release/bioc/html/tximport.html) for aggregating transcript-level salmon abundance estimates to the gene level.  It is more versatile, exposes more features, and allows considering multi-sample information during aggregation.
[2022-11-26 20:05:28.140] [jointLog] [info] Aggregating expressions to gene level
[2022-11-26 20:05:28.789] [jointLog] [info] done
