[2022-11-26 09:05:13.881] [jointLog] [info] setting maxHashResizeThreads to 4
[2022-11-26 09:05:13.881] [jointLog] [info] Fragment incompatibility prior below threshold.  Incompatible fragments will be ignored.
[2022-11-26 09:05:13.881] [jointLog] [info] Usage of --validateMappings implies use of minScoreFraction. Since not explicitly specified, it is being set to 0.65
[2022-11-26 09:05:13.881] [jointLog] [info] Setting consensusSlack to selective-alignment default of 0.35.
[2022-11-26 09:05:13.881] [jointLog] [info] parsing read library format
[2022-11-26 09:05:13.881] [jointLog] [info] There is 1 library.
[2022-11-26 09:05:16.198] [jointLog] [info] Loading pufferfish index
[2022-11-26 09:05:16.725] [jointLog] [info] Loading dense pufferfish index.
[2022-11-26 10:42:39.125] [jointLog] [info] done
[2022-11-26 10:42:39.127] [jointLog] [info] Index contained 245,455 targets
[2022-11-26 10:43:07.361] [jointLog] [info] Number of decoys : 194
[2022-11-26 10:43:07.362] [jointLog] [info] First decoy index : 245,220 
[2022-11-26 10:43:20.353] [jointLog] [info] Automatically detected most likely library type as ISF

[2022-11-26 14:33:40.277] [jointLog] [info] Thread saw mini-batch with a maximum of 1.66% zero probability fragments
[2022-11-26 14:33:40.498] [jointLog] [info] Thread saw mini-batch with a maximum of 1.74% zero probability fragments
[2022-11-26 14:33:40.692] [jointLog] [info] Thread saw mini-batch with a maximum of 1.62% zero probability fragments
[2022-11-26 14:33:41.647] [jointLog] [info] Thread saw mini-batch with a maximum of 1.60% zero probability fragments
[2022-11-26 14:33:47.351] [fileLog] [info] 
At end of round 0
==================
Observed 64016268 total fragments (64016268 in most recent round)

[2022-11-26 14:33:47.322] [jointLog] [info] Computed 538,481 rich equivalence classes for further processing
[2022-11-26 14:33:47.322] [jointLog] [info] Counted 55,908,123 total reads in the equivalence classes 
[2022-11-26 14:33:47.373] [jointLog] [warning] 0.00746529% of fragments were shorter than the k used to build the index.
If this fraction is too large, consider re-building the index with a smaller k.
The minimum read size found was 15.


[2022-11-26 14:33:47.373] [jointLog] [info] Number of mappings discarded because of alignment score : 39,166,262
[2022-11-26 14:33:47.373] [jointLog] [info] Number of fragments entirely discarded because of alignment score : 3,186,017
[2022-11-26 14:33:47.373] [jointLog] [info] Number of fragments discarded because they are best-mapped to decoys : 1,580,576
[2022-11-26 14:33:47.373] [jointLog] [info] Number of fragments discarded because they have only dovetail (discordant) mappings to valid targets : 770,727
[2022-11-26 14:33:47.373] [jointLog] [info] Mapping rate = 87.3342%

[2022-11-26 14:33:47.373] [jointLog] [info] finished quantifyLibrary()
[2022-11-26 14:33:47.598] [jointLog] [info] Starting optimizer
[2022-11-26 14:33:54.556] [jointLog] [info] Marked 0 weighted equivalence classes as degenerate
[2022-11-26 14:33:55.087] [jointLog] [info] iteration = 0 | max rel diff. = 81.2627
[2022-11-26 14:33:59.550] [jointLog] [info] iteration 11, adjusting effective lengths to account for biases
[2022-11-26 14:39:29.841] [jointLog] [info] Computed expected counts (for bias correction)
[2022-11-26 14:39:29.843] [jointLog] [info] processed bias for 0.0% of the transcripts
[2022-11-26 14:40:03.124] [jointLog] [info] processed bias for 10.0% of the transcripts
[2022-11-26 14:40:35.226] [jointLog] [info] processed bias for 20.0% of the transcripts
[2022-11-26 14:41:07.532] [jointLog] [info] processed bias for 30.0% of the transcripts
[2022-11-26 14:41:37.375] [jointLog] [info] processed bias for 40.0% of the transcripts
[2022-11-26 14:42:08.563] [jointLog] [info] processed bias for 50.0% of the transcripts
[2022-11-26 14:42:36.453] [jointLog] [info] processed bias for 60.0% of the transcripts
[2022-11-26 14:43:07.161] [jointLog] [info] processed bias for 70.0% of the transcripts
[2022-11-26 14:43:36.819] [jointLog] [info] processed bias for 80.0% of the transcripts
[2022-11-26 14:44:07.773] [jointLog] [info] processed bias for 90.0% of the transcripts
[2022-11-26 14:44:38.296] [jointLog] [info] processed bias for 100.0% of the transcripts
[2022-11-26 14:45:10.695] [jointLog] [info] iteration = 100 | max rel diff. = 20.7872
[2022-11-26 14:45:31.913] [jointLog] [info] iteration = 200 | max rel diff. = 12.5738
[2022-11-26 14:45:43.420] [jointLog] [info] iteration = 300 | max rel diff. = 2.40819
[2022-11-26 14:45:54.137] [jointLog] [info] iteration = 400 | max rel diff. = 1.01944
[2022-11-26 14:46:04.173] [jointLog] [info] iteration = 500 | max rel diff. = 7.67413
[2022-11-26 14:46:15.097] [jointLog] [info] iteration = 600 | max rel diff. = 16.195
[2022-11-26 14:46:26.409] [jointLog] [info] iteration = 700 | max rel diff. = 2.33208
[2022-11-26 14:46:36.935] [jointLog] [info] iteration = 800 | max rel diff. = 0.710003
[2022-11-26 14:46:48.861] [jointLog] [info] iteration = 900 | max rel diff. = 0.448427
[2022-11-26 14:47:00.628] [jointLog] [info] iteration = 1,000 | max rel diff. = 0.0646065
[2022-11-26 14:47:12.435] [jointLog] [info] iteration = 1,100 | max rel diff. = 0.081419
[2022-11-26 14:47:24.953] [jointLog] [info] iteration = 1,200 | max rel diff. = 0.11711
[2022-11-26 14:47:37.099] [jointLog] [info] iteration = 1,300 | max rel diff. = 0.0355318
[2022-11-26 14:47:49.762] [jointLog] [info] iteration = 1,400 | max rel diff. = 0.0280269
[2022-11-26 14:48:04.036] [jointLog] [info] iteration = 1,500 | max rel diff. = 1.19443
[2022-11-26 14:48:15.748] [jointLog] [info] iteration = 1,600 | max rel diff. = 2.73034
[2022-11-26 14:48:28.299] [jointLog] [info] iteration = 1,700 | max rel diff. = 0.0542278
[2022-11-26 14:48:40.853] [jointLog] [info] iteration = 1,800 | max rel diff. = 0.0974107
[2022-11-26 14:48:52.083] [jointLog] [info] iteration = 1,900 | max rel diff. = 0.0231355
[2022-11-26 14:49:02.732] [jointLog] [info] iteration = 2,000 | max rel diff. = 0.130645
[2022-11-26 14:49:14.490] [jointLog] [info] iteration = 2,100 | max rel diff. = 0.0338923
[2022-11-26 14:49:26.959] [jointLog] [info] iteration = 2,200 | max rel diff. = 0.0849246
[2022-11-26 14:49:38.036] [jointLog] [info] iteration = 2,300 | max rel diff. = 0.0312426
[2022-11-26 14:49:40.544] [jointLog] [info] iteration = 2,331 | max rel diff. = 0.00860601
[2022-11-26 14:49:40.644] [jointLog] [info] Finished optimizer
[2022-11-26 14:49:40.644] [jointLog] [info] writing output 

[2022-11-26 14:49:43.021] [jointLog] [info] Starting Bootstrapping
[2022-11-26 14:49:43.425] [jointLog] [info] Will draw 50 bootstrap samples
[2022-11-26 14:49:43.425] [jointLog] [info] Optimizing over 538,481 equivalence classes
[2022-11-26 14:49:43.603] [jointLog] [info] Marked 0 weighted equivalence classes as degenerate
[2022-11-26 14:59:09.874] [jointLog] [info] wrote 1 bootstraps
[2022-11-26 15:00:31.926] [jointLog] [info] wrote 2 bootstraps
[2022-11-26 15:02:24.063] [jointLog] [info] wrote 3 bootstraps
[2022-11-26 15:05:36.549] [jointLog] [info] wrote 4 bootstraps
[2022-11-26 15:07:32.483] [jointLog] [info] wrote 5 bootstraps
[2022-11-26 15:09:57.867] [jointLog] [info] wrote 6 bootstraps
[2022-11-26 15:13:05.027] [jointLog] [info] wrote 7 bootstraps
[2022-11-26 15:14:28.948] [jointLog] [info] wrote 8 bootstraps
[2022-11-26 15:16:30.093] [jointLog] [info] wrote 9 bootstraps
[2022-11-26 15:20:34.644] [jointLog] [info] wrote 10 bootstraps
[2022-11-26 15:23:01.688] [jointLog] [info] wrote 11 bootstraps
[2022-11-26 15:24:02.327] [jointLog] [info] wrote 12 bootstraps
[2022-11-26 15:28:34.685] [jointLog] [info] wrote 13 bootstraps
[2022-11-26 15:29:13.579] [jointLog] [info] wrote 14 bootstraps
[2022-11-26 15:31:04.833] [jointLog] [info] wrote 15 bootstraps
[2022-11-26 15:35:15.441] [jointLog] [info] wrote 16 bootstraps
[2022-11-26 15:35:39.680] [jointLog] [info] wrote 17 bootstraps
[2022-11-26 15:39:33.764] [jointLog] [info] wrote 18 bootstraps
[2022-11-26 15:41:59.619] [jointLog] [info] wrote 19 bootstraps
[2022-11-26 15:42:43.060] [jointLog] [info] wrote 20 bootstraps
[2022-11-26 15:46:35.153] [jointLog] [info] wrote 21 bootstraps
[2022-11-26 15:47:59.449] [jointLog] [info] wrote 22 bootstraps
[2022-11-26 15:49:42.701] [jointLog] [info] wrote 23 bootstraps
[2022-11-26 15:52:46.713] [jointLog] [info] wrote 24 bootstraps
[2022-11-26 15:54:18.606] [jointLog] [info] wrote 25 bootstraps
[2022-11-26 15:57:08.716] [jointLog] [info] wrote 26 bootstraps
[2022-11-26 15:59:50.025] [jointLog] [info] wrote 27 bootstraps
[2022-11-26 16:01:14.191] [jointLog] [info] wrote 28 bootstraps
[2022-11-26 16:06:14.387] [jointLog] [info] wrote 29 bootstraps
[2022-11-26 16:07:54.018] [jointLog] [info] wrote 30 bootstraps
[2022-11-26 16:08:19.722] [jointLog] [info] wrote 31 bootstraps
[2022-11-26 16:12:27.120] [jointLog] [info] wrote 32 bootstraps
[2022-11-26 16:13:37.038] [jointLog] [info] wrote 33 bootstraps
[2022-11-26 16:14:37.814] [jointLog] [info] wrote 34 bootstraps
[2022-11-26 16:19:14.700] [jointLog] [info] wrote 35 bootstraps
[2022-11-26 16:19:24.776] [jointLog] [info] wrote 36 bootstraps
[2022-11-26 16:19:25.026] [jointLog] [info] wrote 37 bootstraps
[2022-11-26 16:25:06.193] [jointLog] [info] wrote 38 bootstraps
[2022-11-26 16:26:17.719] [jointLog] [info] wrote 39 bootstraps
[2022-11-26 16:26:25.604] [jointLog] [info] wrote 40 bootstraps
[2022-11-26 16:32:50.906] [jointLog] [info] wrote 41 bootstraps
[2022-11-26 16:33:49.377] [jointLog] [info] wrote 42 bootstraps
[2022-11-26 16:34:14.532] [jointLog] [info] wrote 43 bootstraps
[2022-11-26 16:39:31.030] [jointLog] [info] wrote 44 bootstraps
[2022-11-26 16:41:16.673] [jointLog] [info] wrote 45 bootstraps
[2022-11-26 16:42:01.084] [jointLog] [info] wrote 46 bootstraps
[2022-11-26 16:46:35.291] [jointLog] [info] wrote 47 bootstraps
[2022-11-26 16:46:58.762] [jointLog] [info] wrote 48 bootstraps
[2022-11-26 16:47:06.707] [jointLog] [info] wrote 49 bootstraps
[2022-11-26 16:53:03.142] [jointLog] [info] wrote 50 bootstraps
[2022-11-26 16:53:03.252] [jointLog] [info] Finished Bootstrapping
[2022-11-26 16:53:03.252] [jointLog] [info] Computing gene-level abundance estimates
[2022-11-26 16:55:01.460] [jointLog] [info] There were 246624 transcripts mapping to 61544 genes
[2022-11-26 16:55:01.776] [jointLog] [info] NOTE: We recommend using tximport (https://bioconductor.org/packages/release/bioc/html/tximport.html) for aggregating transcript-level salmon abundance estimates to the gene level.  It is more versatile, exposes more features, and allows considering multi-sample information during aggregation.
[2022-11-26 16:55:03.017] [jointLog] [info] Aggregating expressions to gene level
[2022-11-26 16:55:03.685] [jointLog] [info] done
