[2022-11-26 14:07:08.877] [jointLog] [info] setting maxHashResizeThreads to 4
[2022-11-26 14:07:08.877] [jointLog] [info] Fragment incompatibility prior below threshold.  Incompatible fragments will be ignored.
[2022-11-26 14:07:08.877] [jointLog] [info] Usage of --validateMappings implies use of minScoreFraction. Since not explicitly specified, it is being set to 0.65
[2022-11-26 14:07:08.877] [jointLog] [info] Setting consensusSlack to selective-alignment default of 0.35.
[2022-11-26 14:07:08.877] [jointLog] [info] parsing read library format
[2022-11-26 14:07:08.877] [jointLog] [info] There is 1 library.
[2022-11-26 14:07:09.424] [jointLog] [info] Loading pufferfish index
[2022-11-26 14:07:09.545] [jointLog] [info] Loading dense pufferfish index.
[2022-11-26 16:13:22.605] [jointLog] [info] done
[2022-11-26 16:13:22.605] [jointLog] [info] Index contained 245,455 targets
[2022-11-26 16:13:27.282] [jointLog] [info] Number of decoys : 194
[2022-11-26 16:13:27.282] [jointLog] [info] First decoy index : 245,220 
[2022-11-26 16:13:29.635] [jointLog] [info] Automatically detected most likely library type as ISF

[2022-11-26 16:57:04.302] [jointLog] [info] Thread saw mini-batch with a maximum of 1.92% zero probability fragments
[2022-11-26 16:57:04.452] [jointLog] [info] Thread saw mini-batch with a maximum of 1.94% zero probability fragments
[2022-11-26 16:57:04.626] [jointLog] [info] Thread saw mini-batch with a maximum of 1.94% zero probability fragments
[2022-11-26 16:57:04.699] [jointLog] [info] Thread saw mini-batch with a maximum of 1.92% zero probability fragments
[2022-11-26 16:57:05.712] [jointLog] [info] Computed 535,402 rich equivalence classes for further processing
[2022-11-26 16:57:05.712] [jointLog] [info] Counted 54,390,473 total reads in the equivalence classes 
[2022-11-26 16:57:05.717] [jointLog] [warning] 0.00626784% of fragments were shorter than the k used to build the index.
If this fraction is too large, consider re-building the index with a smaller k.
The minimum read size found was 15.


[2022-11-26 16:57:05.717] [jointLog] [info] Number of mappings discarded because of alignment score : 41,616,689
[2022-11-26 16:57:05.717] [jointLog] [info] Number of fragments entirely discarded because of alignment score : 4,712,566
[2022-11-26 16:57:05.717] [jointLog] [info] Number of fragments discarded because they are best-mapped to decoys : 2,922,983
[2022-11-26 16:57:05.717] [jointLog] [info] Number of fragments discarded because they have only dovetail (discordant) mappings to valid targets : 778,194
[2022-11-26 16:57:05.717] [jointLog] [info] Mapping rate = 80.1955%

[2022-11-26 16:57:05.717] [jointLog] [info] finished quantifyLibrary()
[2022-11-26 16:57:05.713] [fileLog] [info] 
At end of round 0
==================
Observed 67822385 total fragments (67822385 in most recent round)

[2022-11-26 16:57:06.118] [jointLog] [info] Starting optimizer
[2022-11-26 16:57:06.874] [jointLog] [info] Marked 0 weighted equivalence classes as degenerate
[2022-11-26 16:57:06.941] [jointLog] [info] iteration = 0 | max rel diff. = 29.8752
[2022-11-26 16:57:07.500] [jointLog] [info] iteration 11, adjusting effective lengths to account for biases
[2022-11-26 16:59:25.705] [jointLog] [info] Computed expected counts (for bias correction)
[2022-11-26 16:59:25.705] [jointLog] [info] processed bias for 0.0% of the transcripts
[2022-11-26 16:59:41.573] [jointLog] [info] processed bias for 10.0% of the transcripts
[2022-11-26 16:59:55.779] [jointLog] [info] processed bias for 20.0% of the transcripts
[2022-11-26 17:00:11.198] [jointLog] [info] processed bias for 30.0% of the transcripts
[2022-11-26 17:00:25.771] [jointLog] [info] processed bias for 40.0% of the transcripts
[2022-11-26 17:00:42.377] [jointLog] [info] processed bias for 50.0% of the transcripts
[2022-11-26 17:00:56.422] [jointLog] [info] processed bias for 60.0% of the transcripts
[2022-11-26 17:01:10.908] [jointLog] [info] processed bias for 70.0% of the transcripts
[2022-11-26 17:01:24.234] [jointLog] [info] processed bias for 80.0% of the transcripts
[2022-11-26 17:01:38.733] [jointLog] [info] processed bias for 90.0% of the transcripts
[2022-11-26 17:01:54.668] [jointLog] [info] processed bias for 100.0% of the transcripts
[2022-11-26 17:02:01.122] [jointLog] [info] iteration = 100 | max rel diff. = 18.6525
[2022-11-26 17:02:08.165] [jointLog] [info] iteration = 200 | max rel diff. = 8.18436
[2022-11-26 17:02:15.510] [jointLog] [info] iteration = 300 | max rel diff. = 1.90196
[2022-11-26 17:02:22.715] [jointLog] [info] iteration = 400 | max rel diff. = 1.99351
[2022-11-26 17:02:30.044] [jointLog] [info] iteration = 500 | max rel diff. = 11.913
[2022-11-26 17:02:37.297] [jointLog] [info] iteration = 600 | max rel diff. = 2.55863
[2022-11-26 17:02:44.727] [jointLog] [info] iteration = 700 | max rel diff. = 0.695066
[2022-11-26 17:02:51.999] [jointLog] [info] iteration = 800 | max rel diff. = 0.642878
[2022-11-26 17:02:59.132] [jointLog] [info] iteration = 900 | max rel diff. = 0.159879
[2022-11-26 17:03:06.150] [jointLog] [info] iteration = 1,000 | max rel diff. = 0.18801
[2022-11-26 17:03:13.526] [jointLog] [info] iteration = 1,100 | max rel diff. = 0.0890589
[2022-11-26 17:03:20.570] [jointLog] [info] iteration = 1,200 | max rel diff. = 1.77622
[2022-11-26 17:03:27.737] [jointLog] [info] iteration = 1,300 | max rel diff. = 0.755139
[2022-11-26 17:03:34.813] [jointLog] [info] iteration = 1,400 | max rel diff. = 0.122524
[2022-11-26 17:03:41.698] [jointLog] [info] iteration = 1,500 | max rel diff. = 0.119555
[2022-11-26 17:03:48.888] [jointLog] [info] iteration = 1,600 | max rel diff. = 0.0212672
[2022-11-26 17:03:56.160] [jointLog] [info] iteration = 1,700 | max rel diff. = 1.04403
[2022-11-26 17:04:03.653] [jointLog] [info] iteration = 1,800 | max rel diff. = 0.0173701
[2022-11-26 17:04:11.269] [jointLog] [info] iteration = 1,900 | max rel diff. = 0.199132
[2022-11-26 17:04:12.118] [jointLog] [info] iteration = 1,913 | max rel diff. = 0.00905379
[2022-11-26 17:04:12.203] [jointLog] [info] Finished optimizer
[2022-11-26 17:04:12.203] [jointLog] [info] writing output 

[2022-11-26 17:04:13.686] [jointLog] [info] Starting Bootstrapping
[2022-11-26 17:04:14.224] [jointLog] [info] Will draw 50 bootstrap samples
[2022-11-26 17:04:14.224] [jointLog] [info] Optimizing over 535,402 equivalence classes
[2022-11-26 17:04:14.339] [jointLog] [info] Marked 0 weighted equivalence classes as degenerate
[2022-11-26 17:08:04.100] [jointLog] [info] wrote 1 bootstraps
[2022-11-26 17:09:03.888] [jointLog] [info] wrote 2 bootstraps
[2022-11-26 17:09:18.136] [jointLog] [info] wrote 3 bootstraps
[2022-11-26 17:12:18.358] [jointLog] [info] wrote 4 bootstraps
[2022-11-26 17:13:49.886] [jointLog] [info] wrote 5 bootstraps
[2022-11-26 17:15:59.311] [jointLog] [info] wrote 6 bootstraps
[2022-11-26 17:18:02.928] [jointLog] [info] wrote 7 bootstraps
[2022-11-26 17:18:35.336] [jointLog] [info] wrote 8 bootstraps
[2022-11-26 17:20:42.720] [jointLog] [info] wrote 9 bootstraps
[2022-11-26 17:21:53.937] [jointLog] [info] wrote 10 bootstraps
[2022-11-26 17:23:20.626] [jointLog] [info] wrote 11 bootstraps
[2022-11-26 17:24:02.818] [jointLog] [info] wrote 12 bootstraps
[2022-11-26 17:25:37.513] [jointLog] [info] wrote 13 bootstraps
[2022-11-26 17:27:32.658] [jointLog] [info] wrote 14 bootstraps
[2022-11-26 17:28:02.706] [jointLog] [info] wrote 15 bootstraps
[2022-11-26 17:29:46.760] [jointLog] [info] wrote 16 bootstraps
[2022-11-26 17:31:53.170] [jointLog] [info] wrote 17 bootstraps
[2022-11-26 17:32:37.273] [jointLog] [info] wrote 18 bootstraps
[2022-11-26 17:34:07.812] [jointLog] [info] wrote 19 bootstraps
[2022-11-26 17:35:37.073] [jointLog] [info] wrote 20 bootstraps
[2022-11-26 17:36:18.037] [jointLog] [info] wrote 21 bootstraps
[2022-11-26 17:37:44.238] [jointLog] [info] wrote 22 bootstraps
[2022-11-26 17:39:53.500] [jointLog] [info] wrote 23 bootstraps
[2022-11-26 17:41:00.459] [jointLog] [info] wrote 24 bootstraps
[2022-11-26 17:42:20.740] [jointLog] [info] wrote 25 bootstraps
[2022-11-26 17:43:07.310] [jointLog] [info] wrote 26 bootstraps
[2022-11-26 17:44:34.480] [jointLog] [info] wrote 27 bootstraps
[2022-11-26 17:45:59.539] [jointLog] [info] wrote 28 bootstraps
[2022-11-26 17:46:59.525] [jointLog] [info] wrote 29 bootstraps
[2022-11-26 17:48:18.137] [jointLog] [info] wrote 30 bootstraps
[2022-11-26 17:49:57.629] [jointLog] [info] wrote 31 bootstraps
[2022-11-26 17:50:36.813] [jointLog] [info] wrote 32 bootstraps
[2022-11-26 17:52:21.764] [jointLog] [info] wrote 33 bootstraps
[2022-11-26 17:54:31.439] [jointLog] [info] wrote 34 bootstraps
[2022-11-26 17:55:12.318] [jointLog] [info] wrote 35 bootstraps
[2022-11-26 17:56:09.367] [jointLog] [info] wrote 36 bootstraps
[2022-11-26 17:58:32.035] [jointLog] [info] wrote 37 bootstraps
[2022-11-26 17:59:22.398] [jointLog] [info] wrote 38 bootstraps
[2022-11-26 17:59:22.489] [jointLog] [info] wrote 39 bootstraps
[2022-11-26 18:02:34.622] [jointLog] [info] wrote 40 bootstraps
[2022-11-26 18:03:05.880] [jointLog] [info] wrote 41 bootstraps
[2022-11-26 18:03:20.881] [jointLog] [info] wrote 42 bootstraps
[2022-11-26 18:06:26.221] [jointLog] [info] wrote 43 bootstraps
[2022-11-26 18:06:27.146] [jointLog] [info] wrote 44 bootstraps
[2022-11-26 18:07:22.330] [jointLog] [info] wrote 45 bootstraps
[2022-11-26 18:09:01.964] [jointLog] [info] wrote 46 bootstraps
[2022-11-26 18:10:20.096] [jointLog] [info] wrote 47 bootstraps
[2022-11-26 18:11:07.490] [jointLog] [info] wrote 48 bootstraps
[2022-11-26 18:13:38.393] [jointLog] [info] wrote 49 bootstraps
[2022-11-26 18:14:30.778] [jointLog] [info] wrote 50 bootstraps
[2022-11-26 18:14:30.826] [jointLog] [info] Finished Bootstrapping
[2022-11-26 18:14:30.827] [jointLog] [info] Computing gene-level abundance estimates
[2022-11-26 18:16:00.681] [jointLog] [info] There were 246624 transcripts mapping to 61544 genes
[2022-11-26 18:16:00.827] [jointLog] [info] NOTE: We recommend using tximport (https://bioconductor.org/packages/release/bioc/html/tximport.html) for aggregating transcript-level salmon abundance estimates to the gene level.  It is more versatile, exposes more features, and allows considering multi-sample information during aggregation.
[2022-11-26 18:16:01.558] [jointLog] [info] Aggregating expressions to gene level
[2022-11-26 18:16:02.096] [jointLog] [info] done
