[2022-11-26 09:24:24.885] [jointLog] [info] setting maxHashResizeThreads to 4
[2022-11-26 09:24:24.885] [jointLog] [info] Fragment incompatibility prior below threshold.  Incompatible fragments will be ignored.
[2022-11-26 09:24:24.885] [jointLog] [info] Usage of --validateMappings implies use of minScoreFraction. Since not explicitly specified, it is being set to 0.65
[2022-11-26 09:24:24.885] [jointLog] [info] Setting consensusSlack to selective-alignment default of 0.35.
[2022-11-26 09:24:24.885] [jointLog] [info] parsing read library format
[2022-11-26 09:24:24.885] [jointLog] [info] There is 1 library.
[2022-11-26 09:24:27.585] [jointLog] [info] Loading pufferfish index
[2022-11-26 09:24:28.233] [jointLog] [info] Loading dense pufferfish index.
[2022-11-26 10:37:26.666] [jointLog] [info] done
[2022-11-26 10:37:26.666] [jointLog] [info] Index contained 245,455 targets
[2022-11-26 10:37:32.565] [jointLog] [info] Number of decoys : 194
[2022-11-26 10:37:32.565] [jointLog] [info] First decoy index : 245,220 
[2022-11-26 10:37:37.453] [jointLog] [info] Automatically detected most likely library type as ISF

[2022-11-26 11:39:30.479] [jointLog] [info] Thread saw mini-batch with a maximum of 1.92% zero probability fragments
[2022-11-26 11:39:30.704] [jointLog] [info] Thread saw mini-batch with a maximum of 2.04% zero probability fragments
[2022-11-26 11:39:30.786] [jointLog] [info] Thread saw mini-batch with a maximum of 1.84% zero probability fragments
[2022-11-26 11:39:30.985] [jointLog] [info] Thread saw mini-batch with a maximum of 1.90% zero probability fragments
[2022-11-26 11:39:31.559] [jointLog] [info] Computed 524,263 rich equivalence classes for further processing
[2022-11-26 11:39:31.559] [jointLog] [info] Counted 53,938,416 total reads in the equivalence classes 
[2022-11-26 11:39:31.564] [jointLog] [warning] 0.00808476% of fragments were shorter than the k used to build the index.
If this fraction is too large, consider re-building the index with a smaller k.
The minimum read size found was 15.


[2022-11-26 11:39:31.564] [jointLog] [info] Number of mappings discarded because of alignment score : 38,017,014
[2022-11-26 11:39:31.564] [jointLog] [info] Number of fragments entirely discarded because of alignment score : 3,163,829
[2022-11-26 11:39:31.564] [jointLog] [info] Number of fragments discarded because they are best-mapped to decoys : 1,609,666
[2022-11-26 11:39:31.564] [jointLog] [info] Number of fragments discarded because they have only dovetail (discordant) mappings to valid targets : 721,929
[2022-11-26 11:39:31.564] [jointLog] [info] Mapping rate = 86.8684%

[2022-11-26 11:39:31.564] [jointLog] [info] finished quantifyLibrary()
[2022-11-26 11:39:31.559] [fileLog] [info] 
At end of round 0
==================
Observed 62092125 total fragments (62092125 in most recent round)

[2022-11-26 11:39:33.701] [jointLog] [info] Starting optimizer
[2022-11-26 11:39:35.495] [jointLog] [info] Marked 0 weighted equivalence classes as degenerate
[2022-11-26 11:39:35.555] [jointLog] [info] iteration = 0 | max rel diff. = 40.4979
[2022-11-26 11:39:36.367] [jointLog] [info] iteration 11, adjusting effective lengths to account for biases
[2022-11-26 11:44:19.219] [jointLog] [info] Computed expected counts (for bias correction)
[2022-11-26 11:44:19.220] [jointLog] [info] processed bias for 0.0% of the transcripts
[2022-11-26 11:44:45.873] [jointLog] [info] processed bias for 10.0% of the transcripts
[2022-11-26 11:45:09.385] [jointLog] [info] processed bias for 20.0% of the transcripts
[2022-11-26 11:45:34.756] [jointLog] [info] processed bias for 30.0% of the transcripts
[2022-11-26 11:46:02.291] [jointLog] [info] processed bias for 40.0% of the transcripts
[2022-11-26 11:46:29.013] [jointLog] [info] processed bias for 50.0% of the transcripts
[2022-11-26 11:46:52.900] [jointLog] [info] processed bias for 60.0% of the transcripts
[2022-11-26 11:47:18.115] [jointLog] [info] processed bias for 70.0% of the transcripts
[2022-11-26 11:47:42.454] [jointLog] [info] processed bias for 80.0% of the transcripts
[2022-11-26 11:48:05.717] [jointLog] [info] processed bias for 90.0% of the transcripts
[2022-11-26 11:48:30.659] [jointLog] [info] processed bias for 100.0% of the transcripts
[2022-11-26 11:48:37.797] [jointLog] [info] iteration = 100 | max rel diff. = 17.6051
[2022-11-26 11:48:46.516] [jointLog] [info] iteration = 200 | max rel diff. = 14.5375
[2022-11-26 11:48:55.977] [jointLog] [info] iteration = 300 | max rel diff. = 1.85677
[2022-11-26 11:49:04.886] [jointLog] [info] iteration = 400 | max rel diff. = 4.62206
[2022-11-26 11:49:12.612] [jointLog] [info] iteration = 500 | max rel diff. = 6.0029
[2022-11-26 11:49:20.892] [jointLog] [info] iteration = 600 | max rel diff. = 0.854541
[2022-11-26 11:49:29.218] [jointLog] [info] iteration = 700 | max rel diff. = 0.690956
[2022-11-26 11:49:37.448] [jointLog] [info] iteration = 800 | max rel diff. = 2.1511
[2022-11-26 11:49:44.920] [jointLog] [info] iteration = 900 | max rel diff. = 6.6732
[2022-11-26 11:49:52.418] [jointLog] [info] iteration = 1,000 | max rel diff. = 10.0604
[2022-11-26 11:50:00.223] [jointLog] [info] iteration = 1,100 | max rel diff. = 0.353589
[2022-11-26 11:50:07.667] [jointLog] [info] iteration = 1,200 | max rel diff. = 0.946586
[2022-11-26 11:50:14.767] [jointLog] [info] iteration = 1,300 | max rel diff. = 0.270684
[2022-11-26 11:50:22.535] [jointLog] [info] iteration = 1,400 | max rel diff. = 0.059994
[2022-11-26 11:50:30.217] [jointLog] [info] iteration = 1,500 | max rel diff. = 0.153271
[2022-11-26 11:50:37.821] [jointLog] [info] iteration = 1,600 | max rel diff. = 0.14286
[2022-11-26 11:50:45.684] [jointLog] [info] iteration = 1,700 | max rel diff. = 0.0712238
[2022-11-26 11:50:53.637] [jointLog] [info] iteration = 1,800 | max rel diff. = 0.026724
[2022-11-26 11:51:01.166] [jointLog] [info] iteration = 1,900 | max rel diff. = 0.374403
[2022-11-26 11:51:02.958] [jointLog] [info] iteration = 1,926 | max rel diff. = 0.00964522
[2022-11-26 11:51:03.031] [jointLog] [info] Finished optimizer
[2022-11-26 11:51:03.031] [jointLog] [info] writing output 

[2022-11-26 11:51:19.266] [jointLog] [info] Starting Bootstrapping
[2022-11-26 11:51:19.645] [jointLog] [info] Will draw 50 bootstrap samples
[2022-11-26 11:51:19.645] [jointLog] [info] Optimizing over 524,263 equivalence classes
[2022-11-26 11:51:19.711] [jointLog] [info] Marked 0 weighted equivalence classes as degenerate
[2022-11-26 11:56:10.447] [jointLog] [info] wrote 1 bootstraps
[2022-11-26 11:56:23.418] [jointLog] [info] wrote 2 bootstraps
[2022-11-26 11:56:32.720] [jointLog] [info] wrote 3 bootstraps
[2022-11-26 12:00:55.760] [jointLog] [info] wrote 4 bootstraps
[2022-11-26 12:01:08.731] [jointLog] [info] wrote 5 bootstraps
[2022-11-26 12:02:31.154] [jointLog] [info] wrote 6 bootstraps
[2022-11-26 12:05:33.381] [jointLog] [info] wrote 7 bootstraps
[2022-11-26 12:06:22.278] [jointLog] [info] wrote 8 bootstraps
[2022-11-26 12:07:40.634] [jointLog] [info] wrote 9 bootstraps
[2022-11-26 12:11:45.823] [jointLog] [info] wrote 10 bootstraps
[2022-11-26 12:12:12.238] [jointLog] [info] wrote 11 bootstraps
[2022-11-26 12:13:57.606] [jointLog] [info] wrote 12 bootstraps
[2022-11-26 12:17:29.560] [jointLog] [info] wrote 13 bootstraps
[2022-11-26 12:18:00.325] [jointLog] [info] wrote 14 bootstraps
[2022-11-26 12:19:46.954] [jointLog] [info] wrote 15 bootstraps
[2022-11-26 12:22:07.234] [jointLog] [info] wrote 16 bootstraps
[2022-11-26 12:22:57.941] [jointLog] [info] wrote 17 bootstraps
[2022-11-26 12:24:11.664] [jointLog] [info] wrote 18 bootstraps
[2022-11-26 12:26:37.023] [jointLog] [info] wrote 19 bootstraps
[2022-11-26 12:28:25.728] [jointLog] [info] wrote 20 bootstraps
[2022-11-26 12:28:52.881] [jointLog] [info] wrote 21 bootstraps
[2022-11-26 12:31:50.203] [jointLog] [info] wrote 22 bootstraps
[2022-11-26 12:33:19.883] [jointLog] [info] wrote 23 bootstraps
[2022-11-26 12:33:31.675] [jointLog] [info] wrote 24 bootstraps
[2022-11-26 12:36:27.750] [jointLog] [info] wrote 25 bootstraps
[2022-11-26 12:38:20.325] [jointLog] [info] wrote 26 bootstraps
[2022-11-26 12:39:12.998] [jointLog] [info] wrote 27 bootstraps
[2022-11-26 12:41:32.422] [jointLog] [info] wrote 28 bootstraps
[2022-11-26 12:42:57.372] [jointLog] [info] wrote 29 bootstraps
[2022-11-26 12:43:53.566] [jointLog] [info] wrote 30 bootstraps
[2022-11-26 12:45:46.886] [jointLog] [info] wrote 31 bootstraps
[2022-11-26 12:48:27.976] [jointLog] [info] wrote 32 bootstraps
[2022-11-26 12:49:25.598] [jointLog] [info] wrote 33 bootstraps
[2022-11-26 12:50:04.882] [jointLog] [info] wrote 34 bootstraps
[2022-11-26 12:53:13.146] [jointLog] [info] wrote 35 bootstraps
[2022-11-26 12:54:30.191] [jointLog] [info] wrote 36 bootstraps
[2022-11-26 12:54:50.613] [jointLog] [info] wrote 37 bootstraps
[2022-11-26 12:58:39.334] [jointLog] [info] wrote 38 bootstraps
[2022-11-26 12:59:53.839] [jointLog] [info] wrote 39 bootstraps
[2022-11-26 13:00:03.266] [jointLog] [info] wrote 40 bootstraps
[2022-11-26 13:03:05.345] [jointLog] [info] wrote 41 bootstraps
[2022-11-26 13:04:09.628] [jointLog] [info] wrote 42 bootstraps
[2022-11-26 13:04:43.775] [jointLog] [info] wrote 43 bootstraps
[2022-11-26 13:08:19.661] [jointLog] [info] wrote 44 bootstraps
[2022-11-26 13:09:49.833] [jointLog] [info] wrote 45 bootstraps
[2022-11-26 13:09:55.534] [jointLog] [info] wrote 46 bootstraps
[2022-11-26 13:13:11.458] [jointLog] [info] wrote 47 bootstraps
[2022-11-26 13:14:52.825] [jointLog] [info] wrote 48 bootstraps
[2022-11-26 13:15:45.696] [jointLog] [info] wrote 49 bootstraps
[2022-11-26 13:18:51.685] [jointLog] [info] wrote 50 bootstraps
[2022-11-26 13:18:51.844] [jointLog] [info] Finished Bootstrapping
[2022-11-26 13:18:51.844] [jointLog] [info] Computing gene-level abundance estimates
[2022-11-26 13:28:00.272] [jointLog] [info] There were 246624 transcripts mapping to 61544 genes
[2022-11-26 13:28:04.636] [jointLog] [info] NOTE: We recommend using tximport (https://bioconductor.org/packages/release/bioc/html/tximport.html) for aggregating transcript-level salmon abundance estimates to the gene level.  It is more versatile, exposes more features, and allows considering multi-sample information during aggregation.
[2022-11-26 13:28:07.168] [jointLog] [info] Aggregating expressions to gene level
[2022-11-26 13:28:09.890] [jointLog] [info] done
