[2022-11-26 09:02:23.261] [jointLog] [info] setting maxHashResizeThreads to 4
[2022-11-26 09:02:23.261] [jointLog] [info] Fragment incompatibility prior below threshold.  Incompatible fragments will be ignored.
[2022-11-26 09:02:23.261] [jointLog] [info] Usage of --validateMappings implies use of minScoreFraction. Since not explicitly specified, it is being set to 0.65
[2022-11-26 09:02:23.261] [jointLog] [info] Setting consensusSlack to selective-alignment default of 0.35.
[2022-11-26 09:02:23.261] [jointLog] [info] parsing read library format
[2022-11-26 09:02:23.261] [jointLog] [info] There is 1 library.
[2022-11-26 09:02:25.552] [jointLog] [info] Loading pufferfish index
[2022-11-26 09:02:26.096] [jointLog] [info] Loading dense pufferfish index.
[2022-11-26 10:04:25.336] [jointLog] [info] done
[2022-11-26 10:04:25.336] [jointLog] [info] Index contained 245,455 targets
[2022-11-26 10:04:30.954] [jointLog] [info] Number of decoys : 194
[2022-11-26 10:04:30.954] [jointLog] [info] First decoy index : 245,220 
[2022-11-26 10:04:40.058] [jointLog] [info] Automatically detected most likely library type as ISF

[2022-11-26 11:03:43.167] [jointLog] [info] Thread saw mini-batch with a maximum of 1.96% zero probability fragments
[2022-11-26 11:03:43.230] [jointLog] [info] Thread saw mini-batch with a maximum of 2.00% zero probability fragments
[2022-11-26 11:03:43.674] [jointLog] [info] Thread saw mini-batch with a maximum of 2.00% zero probability fragments
[2022-11-26 11:03:44.065] [jointLog] [info] Thread saw mini-batch with a maximum of 2.02% zero probability fragments
[2022-11-26 11:03:45.025] [jointLog] [info] Computed 540,816 rich equivalence classes for further processing
[2022-11-26 11:03:45.025] [jointLog] [info] Counted 55,589,821 total reads in the equivalence classes 
[2022-11-26 11:03:45.031] [jointLog] [warning] 0.00814587% of fragments were shorter than the k used to build the index.
If this fraction is too large, consider re-building the index with a smaller k.
The minimum read size found was 15.


[2022-11-26 11:03:45.031] [jointLog] [info] Number of mappings discarded because of alignment score : 37,698,470
[2022-11-26 11:03:45.031] [jointLog] [info] Number of fragments entirely discarded because of alignment score : 3,562,769
[2022-11-26 11:03:45.031] [jointLog] [info] Number of fragments discarded because they are best-mapped to decoys : 1,985,397
[2022-11-26 11:03:45.031] [jointLog] [info] Number of fragments discarded because they have only dovetail (discordant) mappings to valid targets : 708,050
[2022-11-26 11:03:45.031] [jointLog] [info] Mapping rate = 85.6979%

[2022-11-26 11:03:45.031] [jointLog] [info] finished quantifyLibrary()
[2022-11-26 11:03:45.026] [fileLog] [info] 
At end of round 0
==================
Observed 64867199 total fragments (64867199 in most recent round)

[2022-11-26 11:03:47.259] [jointLog] [info] Starting optimizer
[2022-11-26 11:03:49.769] [jointLog] [info] Marked 0 weighted equivalence classes as degenerate
[2022-11-26 11:03:49.882] [jointLog] [info] iteration = 0 | max rel diff. = 38.1587
[2022-11-26 11:03:50.514] [jointLog] [info] iteration 11, adjusting effective lengths to account for biases
[2022-11-26 11:08:26.557] [jointLog] [info] Computed expected counts (for bias correction)
[2022-11-26 11:08:26.558] [jointLog] [info] processed bias for 0.0% of the transcripts
[2022-11-26 11:08:55.530] [jointLog] [info] processed bias for 10.0% of the transcripts
[2022-11-26 11:09:20.790] [jointLog] [info] processed bias for 20.0% of the transcripts
[2022-11-26 11:09:47.087] [jointLog] [info] processed bias for 30.0% of the transcripts
[2022-11-26 11:10:14.697] [jointLog] [info] processed bias for 40.0% of the transcripts
[2022-11-26 11:10:43.490] [jointLog] [info] processed bias for 50.0% of the transcripts
[2022-11-26 11:11:08.504] [jointLog] [info] processed bias for 60.0% of the transcripts
[2022-11-26 11:11:34.155] [jointLog] [info] processed bias for 70.0% of the transcripts
[2022-11-26 11:11:59.967] [jointLog] [info] processed bias for 80.0% of the transcripts
[2022-11-26 11:12:22.746] [jointLog] [info] processed bias for 90.0% of the transcripts
[2022-11-26 11:12:49.176] [jointLog] [info] processed bias for 100.0% of the transcripts
[2022-11-26 11:12:57.103] [jointLog] [info] iteration = 100 | max rel diff. = 20.9044
[2022-11-26 11:13:05.405] [jointLog] [info] iteration = 200 | max rel diff. = 8.75246
[2022-11-26 11:13:14.457] [jointLog] [info] iteration = 300 | max rel diff. = 3.77074
[2022-11-26 11:13:23.416] [jointLog] [info] iteration = 400 | max rel diff. = 1.32767
[2022-11-26 11:13:31.448] [jointLog] [info] iteration = 500 | max rel diff. = 1.31479
[2022-11-26 11:13:39.457] [jointLog] [info] iteration = 600 | max rel diff. = 0.60563
[2022-11-26 11:13:48.609] [jointLog] [info] iteration = 700 | max rel diff. = 2.10309
[2022-11-26 11:13:57.443] [jointLog] [info] iteration = 800 | max rel diff. = 0.770891
[2022-11-26 11:14:06.198] [jointLog] [info] iteration = 900 | max rel diff. = 1.76796
[2022-11-26 11:14:14.862] [jointLog] [info] iteration = 1,000 | max rel diff. = 0.5283
[2022-11-26 11:14:23.340] [jointLog] [info] iteration = 1,100 | max rel diff. = 18.495
[2022-11-26 11:14:32.218] [jointLog] [info] iteration = 1,200 | max rel diff. = 0.573088
[2022-11-26 11:14:40.636] [jointLog] [info] iteration = 1,300 | max rel diff. = 0.240816
[2022-11-26 11:14:49.820] [jointLog] [info] iteration = 1,400 | max rel diff. = 0.0268265
[2022-11-26 11:14:57.944] [jointLog] [info] iteration = 1,500 | max rel diff. = 0.044591
[2022-11-26 11:15:06.324] [jointLog] [info] iteration = 1,600 | max rel diff. = 0.0484401
[2022-11-26 11:15:14.788] [jointLog] [info] iteration = 1,700 | max rel diff. = 0.173321
[2022-11-26 11:15:23.308] [jointLog] [info] iteration = 1,800 | max rel diff. = 0.137645
[2022-11-26 11:15:31.949] [jointLog] [info] iteration = 1,900 | max rel diff. = 0.135691
[2022-11-26 11:15:40.273] [jointLog] [info] iteration = 2,000 | max rel diff. = 0.0179856
[2022-11-26 11:15:48.993] [jointLog] [info] iteration = 2,100 | max rel diff. = 0.067433
[2022-11-26 11:15:57.191] [jointLog] [info] iteration = 2,200 | max rel diff. = 0.0783911
[2022-11-26 11:16:05.453] [jointLog] [info] iteration = 2,300 | max rel diff. = 0.0782828
[2022-11-26 11:16:13.676] [jointLog] [info] iteration = 2,400 | max rel diff. = 0.0577772
[2022-11-26 11:16:18.738] [jointLog] [info] iteration = 2,459 | max rel diff. = 0.00593609
[2022-11-26 11:16:18.841] [jointLog] [info] Finished optimizer
[2022-11-26 11:16:18.841] [jointLog] [info] writing output 

[2022-11-26 11:16:23.369] [jointLog] [info] Starting Bootstrapping
[2022-11-26 11:16:24.279] [jointLog] [info] Will draw 50 bootstrap samples
[2022-11-26 11:16:24.279] [jointLog] [info] Optimizing over 540,816 equivalence classes
[2022-11-26 11:16:24.433] [jointLog] [info] Marked 0 weighted equivalence classes as degenerate
[2022-11-26 11:19:50.018] [jointLog] [info] wrote 1 bootstraps
[2022-11-26 11:21:58.420] [jointLog] [info] wrote 2 bootstraps
[2022-11-26 11:22:42.205] [jointLog] [info] wrote 3 bootstraps
[2022-11-26 11:25:15.538] [jointLog] [info] wrote 4 bootstraps
[2022-11-26 11:26:49.513] [jointLog] [info] wrote 5 bootstraps
[2022-11-26 11:27:14.333] [jointLog] [info] wrote 6 bootstraps
[2022-11-26 11:30:24.817] [jointLog] [info] wrote 7 bootstraps
[2022-11-26 11:31:13.273] [jointLog] [info] wrote 8 bootstraps
[2022-11-26 11:31:51.955] [jointLog] [info] wrote 9 bootstraps
[2022-11-26 11:35:03.802] [jointLog] [info] wrote 10 bootstraps
[2022-11-26 11:35:07.151] [jointLog] [info] wrote 11 bootstraps
[2022-11-26 11:36:59.689] [jointLog] [info] wrote 12 bootstraps
[2022-11-26 11:40:10.117] [jointLog] [info] wrote 13 bootstraps
[2022-11-26 11:40:28.978] [jointLog] [info] wrote 14 bootstraps
[2022-11-26 11:40:30.193] [jointLog] [info] wrote 15 bootstraps
[2022-11-26 11:44:52.148] [jointLog] [info] wrote 16 bootstraps
[2022-11-26 11:45:08.706] [jointLog] [info] wrote 17 bootstraps
[2022-11-26 11:46:24.068] [jointLog] [info] wrote 18 bootstraps
[2022-11-26 11:49:56.492] [jointLog] [info] wrote 19 bootstraps
[2022-11-26 11:50:31.468] [jointLog] [info] wrote 20 bootstraps
[2022-11-26 11:51:10.011] [jointLog] [info] wrote 21 bootstraps
[2022-11-26 11:55:16.609] [jointLog] [info] wrote 22 bootstraps
[2022-11-26 11:55:17.236] [jointLog] [info] wrote 23 bootstraps
[2022-11-26 11:55:46.838] [jointLog] [info] wrote 24 bootstraps
[2022-11-26 12:00:03.497] [jointLog] [info] wrote 25 bootstraps
[2022-11-26 12:00:25.584] [jointLog] [info] wrote 26 bootstraps
[2022-11-26 12:01:09.608] [jointLog] [info] wrote 27 bootstraps
[2022-11-26 12:04:51.392] [jointLog] [info] wrote 28 bootstraps
[2022-11-26 12:05:32.219] [jointLog] [info] wrote 29 bootstraps
[2022-11-26 12:06:51.017] [jointLog] [info] wrote 30 bootstraps
[2022-11-26 12:08:47.556] [jointLog] [info] wrote 31 bootstraps
[2022-11-26 12:10:26.596] [jointLog] [info] wrote 32 bootstraps
[2022-11-26 12:11:42.185] [jointLog] [info] wrote 33 bootstraps
[2022-11-26 12:12:43.094] [jointLog] [info] wrote 34 bootstraps
[2022-11-26 12:15:24.357] [jointLog] [info] wrote 35 bootstraps
[2022-11-26 12:16:39.688] [jointLog] [info] wrote 36 bootstraps
[2022-11-26 12:19:06.667] [jointLog] [info] wrote 37 bootstraps
[2022-11-26 12:20:55.026] [jointLog] [info] wrote 38 bootstraps
[2022-11-26 12:21:47.239] [jointLog] [info] wrote 39 bootstraps
[2022-11-26 12:23:40.963] [jointLog] [info] wrote 40 bootstraps
[2022-11-26 12:26:08.203] [jointLog] [info] wrote 41 bootstraps
[2022-11-26 12:26:35.097] [jointLog] [info] wrote 42 bootstraps
[2022-11-26 12:29:27.231] [jointLog] [info] wrote 43 bootstraps
[2022-11-26 12:31:07.364] [jointLog] [info] wrote 44 bootstraps
[2022-11-26 12:31:55.010] [jointLog] [info] wrote 45 bootstraps
[2022-11-26 12:33:16.940] [jointLog] [info] wrote 46 bootstraps
[2022-11-26 12:36:16.279] [jointLog] [info] wrote 47 bootstraps
[2022-11-26 12:36:53.389] [jointLog] [info] wrote 48 bootstraps
[2022-11-26 12:37:07.674] [jointLog] [info] wrote 49 bootstraps
[2022-11-26 12:40:41.659] [jointLog] [info] wrote 50 bootstraps
[2022-11-26 12:40:41.708] [jointLog] [info] Finished Bootstrapping
[2022-11-26 12:40:41.708] [jointLog] [info] Computing gene-level abundance estimates
[2022-11-26 12:46:50.614] [jointLog] [info] There were 246624 transcripts mapping to 61544 genes
[2022-11-26 12:46:51.290] [jointLog] [info] NOTE: We recommend using tximport (https://bioconductor.org/packages/release/bioc/html/tximport.html) for aggregating transcript-level salmon abundance estimates to the gene level.  It is more versatile, exposes more features, and allows considering multi-sample information during aggregation.
[2022-11-26 12:46:52.433] [jointLog] [info] Aggregating expressions to gene level
[2022-11-26 12:46:53.289] [jointLog] [info] done
