[2022-11-26 13:47:06.234] [jointLog] [info] setting maxHashResizeThreads to 4
[2022-11-26 13:47:06.234] [jointLog] [info] Fragment incompatibility prior below threshold.  Incompatible fragments will be ignored.
[2022-11-26 13:47:06.234] [jointLog] [info] Usage of --validateMappings implies use of minScoreFraction. Since not explicitly specified, it is being set to 0.65
[2022-11-26 13:47:06.234] [jointLog] [info] Setting consensusSlack to selective-alignment default of 0.35.
[2022-11-26 13:47:06.234] [jointLog] [info] parsing read library format
[2022-11-26 13:47:06.234] [jointLog] [info] There is 1 library.
[2022-11-26 13:47:06.765] [jointLog] [info] Loading pufferfish index
[2022-11-26 13:47:06.840] [jointLog] [info] Loading dense pufferfish index.
[2022-11-26 13:47:56.296] [jointLog] [info] done
[2022-11-26 13:47:56.296] [jointLog] [info] Index contained 245,455 targets
[2022-11-26 13:48:01.520] [jointLog] [info] Number of decoys : 194
[2022-11-26 13:48:01.520] [jointLog] [info] First decoy index : 245,220 
[2022-11-26 13:48:07.963] [jointLog] [info] Automatically detected most likely library type as ISF

[2022-11-26 15:12:07.380] [jointLog] [info] Thread saw mini-batch with a maximum of 1.50% zero probability fragments
[2022-11-26 15:12:07.747] [jointLog] [info] Thread saw mini-batch with a maximum of 1.58% zero probability fragments
[2022-11-26 15:12:08.011] [jointLog] [info] Thread saw mini-batch with a maximum of 1.56% zero probability fragments
[2022-11-26 15:12:08.185] [jointLog] [info] Thread saw mini-batch with a maximum of 1.66% zero probability fragments
[2022-11-26 15:12:08.562] [jointLog] [info] Computed 521,174 rich equivalence classes for further processing
[2022-11-26 15:12:08.562] [jointLog] [info] Counted 50,214,177 total reads in the equivalence classes 
[2022-11-26 15:12:08.566] [jointLog] [warning] 0.00508984% of fragments were shorter than the k used to build the index.
If this fraction is too large, consider re-building the index with a smaller k.
The minimum read size found was 15.


[2022-11-26 15:12:08.566] [jointLog] [info] Number of mappings discarded because of alignment score : 35,202,876
[2022-11-26 15:12:08.566] [jointLog] [info] Number of fragments entirely discarded because of alignment score : 3,518,009
[2022-11-26 15:12:08.566] [jointLog] [info] Number of fragments discarded because they are best-mapped to decoys : 2,017,728
[2022-11-26 15:12:08.566] [jointLog] [info] Number of fragments discarded because they have only dovetail (discordant) mappings to valid targets : 709,250
[2022-11-26 15:12:08.566] [jointLog] [info] Mapping rate = 83.8524%

[2022-11-26 15:12:08.566] [jointLog] [info] finished quantifyLibrary()
[2022-11-26 15:12:08.760] [jointLog] [info] Starting optimizer
[2022-11-26 15:12:08.562] [fileLog] [info] 
At end of round 0
==================
Observed 59883995 total fragments (59883995 in most recent round)

[2022-11-26 15:12:09.150] [jointLog] [info] Marked 0 weighted equivalence classes as degenerate
[2022-11-26 15:12:09.211] [jointLog] [info] iteration = 0 | max rel diff. = 40.7423
[2022-11-26 15:12:10.188] [jointLog] [info] iteration 11, adjusting effective lengths to account for biases
[2022-11-26 15:14:09.960] [jointLog] [info] Computed expected counts (for bias correction)
[2022-11-26 15:14:09.960] [jointLog] [info] processed bias for 0.0% of the transcripts
[2022-11-26 15:14:23.737] [jointLog] [info] processed bias for 10.0% of the transcripts
[2022-11-26 15:14:36.330] [jointLog] [info] processed bias for 20.0% of the transcripts
[2022-11-26 15:14:47.867] [jointLog] [info] processed bias for 30.0% of the transcripts
[2022-11-26 15:15:00.693] [jointLog] [info] processed bias for 40.0% of the transcripts
[2022-11-26 15:15:13.397] [jointLog] [info] processed bias for 50.0% of the transcripts
[2022-11-26 15:15:25.801] [jointLog] [info] processed bias for 60.0% of the transcripts
[2022-11-26 15:15:38.561] [jointLog] [info] processed bias for 70.0% of the transcripts
[2022-11-26 15:15:51.465] [jointLog] [info] processed bias for 80.0% of the transcripts
[2022-11-26 15:16:05.304] [jointLog] [info] processed bias for 90.0% of the transcripts
[2022-11-26 15:16:18.041] [jointLog] [info] processed bias for 100.0% of the transcripts
[2022-11-26 15:16:23.435] [jointLog] [info] iteration = 100 | max rel diff. = 16.0457
[2022-11-26 15:16:29.257] [jointLog] [info] iteration = 200 | max rel diff. = 10.418
[2022-11-26 15:16:35.212] [jointLog] [info] iteration = 300 | max rel diff. = 5.2314
[2022-11-26 15:16:41.168] [jointLog] [info] iteration = 400 | max rel diff. = 1.12033
[2022-11-26 15:16:47.100] [jointLog] [info] iteration = 500 | max rel diff. = 8.10924
[2022-11-26 15:16:53.146] [jointLog] [info] iteration = 600 | max rel diff. = 5.50739
[2022-11-26 15:16:58.844] [jointLog] [info] iteration = 700 | max rel diff. = 0.377186
[2022-11-26 15:17:05.137] [jointLog] [info] iteration = 800 | max rel diff. = 1.27227
[2022-11-26 15:17:11.206] [jointLog] [info] iteration = 900 | max rel diff. = 1.15633
[2022-11-26 15:17:17.439] [jointLog] [info] iteration = 1,000 | max rel diff. = 0.18123
[2022-11-26 15:17:23.516] [jointLog] [info] iteration = 1,100 | max rel diff. = 1.57242
[2022-11-26 15:17:29.469] [jointLog] [info] iteration = 1,200 | max rel diff. = 0.132316
[2022-11-26 15:17:35.675] [jointLog] [info] iteration = 1,300 | max rel diff. = 1.64988
[2022-11-26 15:17:41.626] [jointLog] [info] iteration = 1,400 | max rel diff. = 0.195033
[2022-11-26 15:17:48.028] [jointLog] [info] iteration = 1,500 | max rel diff. = 0.461355
[2022-11-26 15:17:54.195] [jointLog] [info] iteration = 1,600 | max rel diff. = 0.0721563
[2022-11-26 15:18:00.099] [jointLog] [info] iteration = 1,700 | max rel diff. = 4.73074
[2022-11-26 15:18:06.073] [jointLog] [info] iteration = 1,800 | max rel diff. = 0.016136
[2022-11-26 15:18:11.961] [jointLog] [info] iteration = 1,900 | max rel diff. = 0.0612689
[2022-11-26 15:18:17.216] [jointLog] [info] iteration = 1,987 | max rel diff. = 0.00982758
[2022-11-26 15:18:17.276] [jointLog] [info] Finished optimizer
[2022-11-26 15:18:17.276] [jointLog] [info] writing output 

[2022-11-26 15:18:19.271] [jointLog] [info] Starting Bootstrapping
[2022-11-26 15:18:19.451] [jointLog] [info] Will draw 50 bootstrap samples
[2022-11-26 15:18:19.451] [jointLog] [info] Optimizing over 521,174 equivalence classes
[2022-11-26 15:18:19.509] [jointLog] [info] Marked 0 weighted equivalence classes as degenerate
[2022-11-26 15:23:03.016] [jointLog] [info] wrote 1 bootstraps
[2022-11-26 15:23:15.269] [jointLog] [info] wrote 2 bootstraps
[2022-11-26 15:23:17.036] [jointLog] [info] wrote 3 bootstraps
[2022-11-26 15:27:14.212] [jointLog] [info] wrote 4 bootstraps
[2022-11-26 15:27:39.937] [jointLog] [info] wrote 5 bootstraps
[2022-11-26 15:27:46.061] [jointLog] [info] wrote 6 bootstraps
[2022-11-26 15:30:59.279] [jointLog] [info] wrote 7 bootstraps
[2022-11-26 15:31:59.669] [jointLog] [info] wrote 8 bootstraps
[2022-11-26 15:32:09.163] [jointLog] [info] wrote 9 bootstraps
[2022-11-26 15:35:19.373] [jointLog] [info] wrote 10 bootstraps
[2022-11-26 15:35:55.583] [jointLog] [info] wrote 11 bootstraps
[2022-11-26 15:36:15.668] [jointLog] [info] wrote 12 bootstraps
[2022-11-26 15:39:19.132] [jointLog] [info] wrote 13 bootstraps
[2022-11-26 15:40:22.416] [jointLog] [info] wrote 14 bootstraps
[2022-11-26 15:40:44.715] [jointLog] [info] wrote 15 bootstraps
[2022-11-26 15:43:01.435] [jointLog] [info] wrote 16 bootstraps
[2022-11-26 15:44:50.590] [jointLog] [info] wrote 17 bootstraps
[2022-11-26 15:45:15.999] [jointLog] [info] wrote 18 bootstraps
[2022-11-26 15:46:24.183] [jointLog] [info] wrote 19 bootstraps
[2022-11-26 15:48:17.998] [jointLog] [info] wrote 20 bootstraps
[2022-11-26 15:49:18.337] [jointLog] [info] wrote 21 bootstraps
[2022-11-26 15:50:11.449] [jointLog] [info] wrote 22 bootstraps
[2022-11-26 15:52:33.546] [jointLog] [info] wrote 23 bootstraps
[2022-11-26 15:53:30.612] [jointLog] [info] wrote 24 bootstraps
[2022-11-26 15:54:48.027] [jointLog] [info] wrote 25 bootstraps
[2022-11-26 15:56:21.110] [jointLog] [info] wrote 26 bootstraps
[2022-11-26 15:57:09.909] [jointLog] [info] wrote 27 bootstraps
[2022-11-26 16:00:08.293] [jointLog] [info] wrote 28 bootstraps
[2022-11-26 16:00:23.719] [jointLog] [info] wrote 29 bootstraps
[2022-11-26 16:00:37.085] [jointLog] [info] wrote 30 bootstraps
[2022-11-26 16:03:16.995] [jointLog] [info] wrote 31 bootstraps
[2022-11-26 16:04:00.224] [jointLog] [info] wrote 32 bootstraps
[2022-11-26 16:04:25.753] [jointLog] [info] wrote 33 bootstraps
[2022-11-26 16:07:16.651] [jointLog] [info] wrote 34 bootstraps
[2022-11-26 16:07:43.999] [jointLog] [info] wrote 35 bootstraps
[2022-11-26 16:07:44.351] [jointLog] [info] wrote 36 bootstraps
[2022-11-26 16:10:50.672] [jointLog] [info] wrote 37 bootstraps
[2022-11-26 16:11:25.627] [jointLog] [info] wrote 38 bootstraps
[2022-11-26 16:11:49.146] [jointLog] [info] wrote 39 bootstraps
[2022-11-26 16:14:19.258] [jointLog] [info] wrote 40 bootstraps
[2022-11-26 16:14:59.537] [jointLog] [info] wrote 41 bootstraps
[2022-11-26 16:15:28.591] [jointLog] [info] wrote 42 bootstraps
[2022-11-26 16:17:30.071] [jointLog] [info] wrote 43 bootstraps
[2022-11-26 16:19:00.985] [jointLog] [info] wrote 44 bootstraps
[2022-11-26 16:19:07.293] [jointLog] [info] wrote 45 bootstraps
[2022-11-26 16:20:48.730] [jointLog] [info] wrote 46 bootstraps
[2022-11-26 16:22:51.484] [jointLog] [info] wrote 47 bootstraps
[2022-11-26 16:22:56.117] [jointLog] [info] wrote 48 bootstraps
[2022-11-26 16:24:21.000] [jointLog] [info] wrote 49 bootstraps
[2022-11-26 16:26:36.312] [jointLog] [info] wrote 50 bootstraps
[2022-11-26 16:26:36.363] [jointLog] [info] Finished Bootstrapping
[2022-11-26 16:26:36.363] [jointLog] [info] Computing gene-level abundance estimates
[2022-11-26 16:27:30.958] [jointLog] [info] There were 246624 transcripts mapping to 61544 genes
[2022-11-26 16:27:31.247] [jointLog] [info] NOTE: We recommend using tximport (https://bioconductor.org/packages/release/bioc/html/tximport.html) for aggregating transcript-level salmon abundance estimates to the gene level.  It is more versatile, exposes more features, and allows considering multi-sample information during aggregation.
[2022-11-26 16:27:31.910] [jointLog] [info] Aggregating expressions to gene level
[2022-11-26 16:27:32.818] [jointLog] [info] done
